#
# There is insufficient memory for the Java Runtime Environment to continue.
# Native memory allocation (mmap) failed to map 134217728 bytes for Failed to commit area from 0x0000000081a00000 to 0x0000000089a00000 of length 134217728.
# Possible reasons:
#   The system is out of physical RAM or swap space
#   The process is running with CompressedOops enabled, and the Java Heap may be blocking the growth of the native heap
# Possible solutions:
#   Reduce memory load on the system
#   Increase physical memory or swap space
#   Check if swap backing store is full
#   Decrease Java heap size (-Xmx/-Xms)
#   Decrease number of Java threads
#   Decrease Java thread stack sizes (-Xss)
#   Set larger code cache with -XX:ReservedCodeCacheSize=
# This output file may be truncated or incomplete.
#
#  Out of Memory Error (./src/hotspot/os/windows/os_windows.cpp:3301), pid=6572, tid=13560
#
# JRE version:  (11.0.10) (build )
# Java VM: OpenJDK 64-Bit Server VM (11.0.10+0-b96-7249189, mixed mode, sharing, tiered, compressed oops, g1 gc, windows-amd64)
# No core dump will be written. Minidumps are not enabled by default on client versions of Windows
#

---------------  S U M M A R Y ------------

Command Line: org.jetbrains.kotlin.cli.jvm.K2JVMCompiler @C:\Users\Carolina\Desktop\EjemploActivities\app\build\20211123_17990274724450102761.compiler.options

Host: Intel(R) Core(TM) i5-4200U CPU @ 1.60GHz, 4 cores, 7G,  Windows 10 , 64 bit Build 19041 (10.0.19041.1348)
Time: Tue Nov 23 22:51:08 2021 Hora est. Pacífico, Sudamérica elapsed time: 0.536293 seconds (0d 0h 0m 0s)

---------------  T H R E A D  ---------------

Current thread (0x0000022e2146f800):  JavaThread "Unknown thread" [_thread_in_vm, id=13560, stack(0x000000cd22b00000,0x000000cd22c00000)]

Stack: [0x000000cd22b00000,0x000000cd22c00000]
Native frames: (J=compiled Java code, j=interpreted, Vv=VM code, C=native code)
V  [jvm.dll+0x5ecfaa]
V  [jvm.dll+0x722bd5]
V  [jvm.dll+0x72412d]
V  [jvm.dll+0x7247e3]
V  [jvm.dll+0x242928]
V  [jvm.dll+0x5ea374]
V  [jvm.dll+0x5df425]
V  [jvm.dll+0x2fdebb]
V  [jvm.dll+0x2fde2a]
V  [jvm.dll+0x2fdd02]
V  [jvm.dll+0x302bf6]
V  [jvm.dll+0x34b2a3]
V  [jvm.dll+0x34b9a6]
V  [jvm.dll+0x34b3a3]
V  [jvm.dll+0x2d8888]
V  [jvm.dll+0x2d9a37]
V  [jvm.dll+0x701737]
V  [jvm.dll+0x702f2c]
V  [jvm.dll+0x3587d9]
V  [jvm.dll+0x6e4fae]
V  [jvm.dll+0x3c0be3]
V  [jvm.dll+0x3c2e91]
C  [jli.dll+0x5373]
C  [ucrtbase.dll+0x21bb2]
C  [KERNEL32.DLL+0x17034]
C  [ntdll.dll+0x52651]


---------------  P R O C E S S  ---------------

Threads class SMR info:
_java_thread_list=0x0000022e1f2d6170, length=0, elements={
}

Java Threads: ( => current thread )

Other Threads:
  0x0000022e21489000 GCTaskThread "GC Thread#0" [stack: 0x000000cd22c00000,0x000000cd22d00000] [id=16284]
  0x0000022e214b8800 ConcurrentGCThread "G1 Main Marker" [stack: 0x000000cd22d00000,0x000000cd22e00000] [id=8680]
  0x0000022e214bb800 ConcurrentGCThread "G1 Conc#0" [stack: 0x000000cd22e00000,0x000000cd22f00000] [id=12984]

[error occurred during error reporting (printing all threads), id 0xc0000005, EXCEPTION_ACCESS_VIOLATION (0xc0000005) at pc=0x00007ff9bbcd9107]

VM state:not at safepoint (not fully initialized)

VM Mutex/Monitor currently owned by a thread:  ([mutex/lock_event])
[0x0000022e2146b790] Heap_lock - owner thread: 0x0000022e2146f800

Heap address: 0x0000000081a00000, size: 2022 MB, Compressed Oops mode: Non-zero based: 0x0000000081a00000
Narrow klass base: 0x0000000000000000, Narrow klass shift: 0

GC Heap History (0 events):
No events

Deoptimization events (0 events):
No events

Classes redefined (0 events):
No events

Internal exceptions (0 events):
No events

Events (1 events):
Event: 0.513 Loaded shared library C:\Program Files\Android\Android Studio\jre\bin\zip.dll


Dynamic libraries:
0x00007ff6301c0000 - 0x00007ff6301ca000 	C:\Program Files\Android\Android Studio\jre\bin\java.exe
0x00007ffa1d610000 - 0x00007ffa1d805000 	C:\WINDOWS\SYSTEM32\ntdll.dll
0x00007ffa1b660000 - 0x00007ffa1b71e000 	C:\WINDOWS\System32\KERNEL32.DLL
0x00007ffa1aff0000 - 0x00007ffa1b2b8000 	C:\WINDOWS\System32\KERNELBASE.dll
0x00007ffa1ad30000 - 0x00007ffa1ae30000 	C:\WINDOWS\System32\ucrtbase.dll
0x00007ffa0eb70000 - 0x00007ffa0eb87000 	C:\Program Files\Android\Android Studio\jre\bin\VCRUNTIME140.dll
0x00007ffa100f0000 - 0x00007ffa10109000 	C:\Program Files\Android\Android Studio\jre\bin\jli.dll
0x00007ffa1bb10000 - 0x00007ffa1bcb1000 	C:\WINDOWS\System32\USER32.dll
0x00007ffa1af10000 - 0x00007ffa1af32000 	C:\WINDOWS\System32\win32u.dll
0x00007ffa04360000 - 0x00007ffa045fa000 	C:\WINDOWS\WinSxS\amd64_microsoft.windows.common-controls_6595b64144ccf1df_6.0.19041.1110_none_60b5254171f9507e\COMCTL32.dll
0x00007ffa1cff0000 - 0x00007ffa1d01b000 	C:\WINDOWS\System32\GDI32.dll
0x00007ffa1cf20000 - 0x00007ffa1cfbe000 	C:\WINDOWS\System32\msvcrt.dll
0x00007ffa1b3f0000 - 0x00007ffa1b4fb000 	C:\WINDOWS\System32\gdi32full.dll
0x00007ffa1b2c0000 - 0x00007ffa1b35d000 	C:\WINDOWS\System32\msvcp_win.dll
0x00007ffa1cfc0000 - 0x00007ffa1cff0000 	C:\WINDOWS\System32\IMM32.DLL
0x00007ffa04960000 - 0x00007ffa049fd000 	C:\Program Files\Android\Android Studio\jre\bin\msvcp140.dll
0x00007ff9bb9f0000 - 0x00007ff9bc4bf000 	C:\Program Files\Android\Android Studio\jre\bin\server\jvm.dll
0x00007ffa1c130000 - 0x00007ffa1c1dc000 	C:\WINDOWS\System32\ADVAPI32.dll
0x00007ffa1c090000 - 0x00007ffa1c12b000 	C:\WINDOWS\System32\sechost.dll
0x00007ffa1cb50000 - 0x00007ffa1cc7a000 	C:\WINDOWS\System32\RPCRT4.dll
0x00007ffa1c400000 - 0x00007ffa1c408000 	C:\WINDOWS\System32\PSAPI.DLL
0x00007ffa098e0000 - 0x00007ffa098e9000 	C:\WINDOWS\SYSTEM32\WSOCK32.dll
0x00007ffa13120000 - 0x00007ffa13147000 	C:\WINDOWS\SYSTEM32\WINMM.dll
0x00007ffa0f5d0000 - 0x00007ffa0f5da000 	C:\WINDOWS\SYSTEM32\VERSION.dll
0x00007ffa1cd60000 - 0x00007ffa1cdcb000 	C:\WINDOWS\System32\WS2_32.dll
0x00007ffa195a0000 - 0x00007ffa195b2000 	C:\WINDOWS\SYSTEM32\kernel.appcore.dll
0x00007ffa08080000 - 0x00007ffa08091000 	C:\Program Files\Android\Android Studio\jre\bin\verify.dll
0x00007ffa0f950000 - 0x00007ffa0fb34000 	C:\WINDOWS\SYSTEM32\DBGHELP.DLL
0x00007ffa0f920000 - 0x00007ffa0f94c000 	C:\WINDOWS\SYSTEM32\dbgcore.DLL
0x00007ffa1b360000 - 0x00007ffa1b3e3000 	C:\WINDOWS\System32\bcryptPrimitives.dll
0x00007ffa07400000 - 0x00007ffa07429000 	C:\Program Files\Android\Android Studio\jre\bin\java.dll
0x00007ffa11cd0000 - 0x00007ffa11cdb000 	C:\Program Files\Android\Android Studio\jre\bin\jimage.dll
0x00007ffa07940000 - 0x00007ffa07958000 	C:\Program Files\Android\Android Studio\jre\bin\zip.dll

dbghelp: loaded successfully - version: 4.0.5 - missing functions: none
symbol engine: initialized successfully - sym options: 0x614 - pdb path: .;C:\Program Files\Android\Android Studio\jre\bin;C:\WINDOWS\SYSTEM32;C:\WINDOWS\WinSxS\amd64_microsoft.windows.common-controls_6595b64144ccf1df_6.0.19041.1110_none_60b5254171f9507e;C:\Program Files\Android\Android Studio\jre\bin\server

VM Arguments:
java_command: org.jetbrains.kotlin.cli.jvm.K2JVMCompiler @C:\Users\Carolina\Desktop\EjemploActivities\app\build\20211123_17990274724450102761.compiler.options
java_class_path (initial): C:\Users\Carolina\.gradle\caches\modules-2\files-2.1\org.jetbrains.kotlin\kotlin-compiler-embeddable\1.5.20\1900e8b9aca0a9caffd45b99b36e3720a0a284f8\kotlin-compiler-embeddable-1.5.20.jar;C:\Users\Carolina\.gradle\caches\modules-2\files-2.1\org.jetbrains.kotlin\kotlin-reflect\1.5.20\63810951f09a27f7827977f1bc21094042a915e\kotlin-reflect-1.5.20.jar;C:\Users\Carolina\.gradle\caches\modules-2\files-2.1\org.jetbrains.kotlin\kotlin-stdlib\1.5.20\9de35cc611bcecec8edce1d56d8e659953806751\kotlin-stdlib-1.5.20.jar;C:\Users\Carolina\.gradle\caches\modules-2\files-2.1\org.jetbrains.kotlin\kotlin-script-runtime\1.5.20\4381bb58d37b84d4d1afe55ec35542dd9b77e101\kotlin-script-runtime-1.5.20.jar;C:\Users\Carolina\.gradle\caches\modules-2\files-2.1\org.jetbrains.kotlin\kotlin-daemon-embeddable\1.5.20\36c38cda019834dcd2959cc33a12768adcd94256\kotlin-daemon-embeddable-1.5.20.jar;C:\Users\Carolina\.gradle\caches\modules-2\files-2.1\org.jetbrains.intellij.deps\trove4j\1.0.20181211\216c2e14b070f334479d800987affe4054cd563f\trove4j-1.0.20181211.jar;C:\Users\Carolina\.gradle\caches\modules-2\files-2.1\org.jetbrains\annotations\13.0\919f0dfe192fb4e063e7dacadee7f8bb9a2672a9\annotations-13.0.jar;C:\Users\Carolina\.gradle\caches\modules-2\files-2.1\org.jetbrains.kotlin\kotlin-stdlib-common\1.5.20\3d79dbd48bf605f4aac1e7028981a1953e245cbb\kotlin-stdlib-common-1.5.20.jar
Launcher Type: SUN_STANDARD

[Global flags]
     intx CICompilerCount                          = 3                                         {product} {ergonomic}
     uint ConcGCThreads                            = 1                                         {product} {ergonomic}
     uint G1ConcRefinementThreads                  = 4                                         {product} {ergonomic}
   size_t G1HeapRegionSize                         = 1048576                                   {product} {ergonomic}
    uintx GCDrainStackTargetSize                   = 64                                        {product} {ergonomic}
   size_t InitialHeapSize                          = 134217728                                 {product} {ergonomic}
   size_t MarkStackSize                            = 4194304                                   {product} {ergonomic}
   size_t MaxHeapSize                              = 2120220672                                {product} {ergonomic}
   size_t MinHeapDeltaBytes                        = 1048576                                   {product} {ergonomic}
    uintx NonNMethodCodeHeapSize                   = 5830732                                {pd product} {ergonomic}
    uintx NonProfiledCodeHeapSize                  = 122913754                              {pd product} {ergonomic}
    uintx ProfiledCodeHeapSize                     = 122913754                              {pd product} {ergonomic}
    uintx ReservedCodeCacheSize                    = 251658240                              {pd product} {ergonomic}
     bool SegmentedCodeCache                       = true                                      {product} {ergonomic}
     bool UseCompressedClassPointers               = true                                 {lp64_product} {ergonomic}
     bool UseCompressedOops                        = true                                 {lp64_product} {ergonomic}
     bool UseG1GC                                  = true                                      {product} {ergonomic}
     bool UseLargePagesIndividualAllocation        = false                                  {pd product} {ergonomic}

Logging:
Log output configuration:
 #0: stdout all=warning uptime,level,tags
 #1: stderr all=off uptime,level,tags

Environment Variables:
JAVA_HOME=C:\Program Files\Java\jdk1.8.0_211
CLASSPATH=.;
PATH=C:\WINDOWS.X64_193000_db_home\bin;C:\oraclexe\app\oracle\product\11.2.0\server\bin;C:\Program Files (x86)\Common Files\Oracle\Java\javapath;C:\Program Files\Java\jdk1.8.0_60\;C:\ProgramData\Oracle\Java\javapath;C:\Program Files (x86)\Intel\iCLS Client\;C:\Program Files\Intel\iCLS Client\;C:\WINDOWS\system32;C:\WINDOWS;C:\WINDOWS\System32\Wbem;C:\WINDOWS\System32\WindowsPowerShell\v1.0\;C:\Program Files\Intel\Intel(R) Management Engine Components\DAL;C:\Program Files\Intel\Intel(R) Management Engine Components\IPT;C:\Program Files (x86)\Intel\Intel(R) Management Engine Components\DAL;C:\Program Files (x86)\Intel\Intel(R) Management Engine Components\IPT;C:\Program Files (x86)\Intel\OpenCL SDK\3.0\bin\x86;C:\Program Files (x86)\Intel\OpenCL SDK\3.0\bin\x64;C:\Program Files\Lenovo\Fingerprint Manager Pro\;C:\ProgramData\Lenovo\ReadyApps;c:\Program Files (x86)\Microsoft SQL Server\100\Tools\Binn\;c:\Program Files\Microsoft SQL Server\100\Tools\Binn\;c:\Program Files\Microsoft SQL Server\100\DTS\Binn\;C:\Program Files (x86)\Skype\Phone\;C:\Program Files (x86)\Windows Live\Shared;C:\WINDOWS\system32;C:\WINDOWS;C:\Program Files\Java\jdk1.8.0_162\;C:\WINDOWS\System32\OpenSSH\;C:\MinGW\bin;C:\Program Files\Intel\WiFi\bin\;C:\Program Files\Common Files\Intel\WirelessCommon\;C:\Program Files\nodejs\;C:\ProgramData\chocolatey\bin;C:\Program Files\Microsoft VS Code\bin;C:\Program Files\Docker\Docker\resources\bin;C:\ProgramData\DockerDesktop\version-bin;C:\Program Files\AdoptOpenJDK\jdk8u192-b12\bin;C:\Program Files\Java\jdk1.8.0_211\bin;C:\Android\android-sdk\tools;C:\Android\android-sdk\platform-tools;C:\Android\android-sdk\tools\bin;C:\spark\spark-3.0.1-bin-hadoop2.7\bin;C:\Program Files\dotnet\;C:\Program Files\Microsoft SQL Server\130\Tools\Binn\;C:\Program Files\Microsoft SQL Server\Client SDK\ODBC\170\Tools\Binn\;C:\Program Files\Git\cmd;C:\WINDOWS\system32\config\systemprofile\.dnx\bin;C:\Program Files\Microsoft DNX\Dnvm\;C:\Program Files\MySQL\MySQL Shell 8.0\bin\;C:\
USERNAME=Carolina
OS=Windows_NT
PROCESSOR_IDENTIFIER=Intel64 Family 6 Model 69 Stepping 1, GenuineIntel



---------------  S Y S T E M  ---------------

OS: Windows 10 , 64 bit Build 19041 (10.0.19041.1348)
OS uptime: 4 days 11:40 hours

CPU:total 4 (initial active 4) (2 cores per cpu, 2 threads per core) family 6 model 69 stepping 1 microcode 0x25, cmov, cx8, fxsr, mmx, sse, sse2, sse3, ssse3, sse4.1, sse4.2, popcnt, avx, avx2, aes, clmul, erms, lzcnt, ht, tsc, tscinvbit, bmi1, bmi2, fma

Memory: 4k page, system-wide physical 8087M (1083M free)
TotalPageFile size 12183M (AvailPageFile size 94M)
current process WorkingSet (physical memory assigned to process): 9M, peak: 9M
current process commit charge ("private bytes"): 51M, peak: 179M

vm_info: OpenJDK 64-Bit Server VM (11.0.10+0-b96-7249189) for windows-amd64 JRE (11.0.10+0-b96-7249189), built on Mar 31 2021 21:44:00 by "builder" with MS VC++ 14.0 (VS2015)

END.
