#
# There is insufficient memory for the Java Runtime Environment to continue.
# Native memory allocation (mmap) failed to map 93323264 bytes for Failed to commit area from 0x0000000098a00000 to 0x000000009e300000 of length 93323264.
# Possible reasons:
#   The system is out of physical RAM or swap space
#   The process is running with CompressedOops enabled, and the Java Heap may be blocking the growth of the native heap
# Possible solutions:
#   Reduce memory load on the system
#   Increase physical memory or swap space
#   Check if swap backing store is full
#   Decrease Java heap size (-Xmx/-Xms)
#   Decrease number of Java threads
#   Decrease Java thread stack sizes (-Xss)
#   Set larger code cache with -XX:ReservedCodeCacheSize=
#   JVM is running with Unscaled Compressed Oops mode in which the Java heap is
#     placed in the first 4GB address space. The Java Heap base address is the
#     maximum limit for the native heap growth. Please use -XX:HeapBaseMinAddress
#     to set the Java Heap base and to place the Java Heap above 4GB virtual address.
# This output file may be truncated or incomplete.
#
#  Out of Memory Error (./src/hotspot/os/windows/os_windows.cpp:3301), pid=12624, tid=7248
#
# JRE version: OpenJDK Runtime Environment (11.0.10) (build 11.0.10+0-b96-7249189)
# Java VM: OpenJDK 64-Bit Server VM (11.0.10+0-b96-7249189, mixed mode, tiered, compressed oops, g1 gc, windows-amd64)
# No core dump will be written. Minidumps are not enabled by default on client versions of Windows
#

---------------  S U M M A R Y ------------

Command Line: --add-opens=java.base/java.util=ALL-UNNAMED --add-opens=java.base/java.lang=ALL-UNNAMED --add-opens=java.base/java.lang.invoke=ALL-UNNAMED --add-opens=java.base/java.util=ALL-UNNAMED --add-opens=java.prefs/java.util.prefs=ALL-UNNAMED --add-opens=java.prefs/java.util.prefs=ALL-UNNAMED --add-opens=java.base/java.nio.charset=ALL-UNNAMED --add-opens=java.base/java.net=ALL-UNNAMED --add-opens=java.base/java.util.concurrent.atomic=ALL-UNNAMED -Xmx2048m -Dfile.encoding=UTF-8 -Duser.country=CO -Duser.language=es -Duser.variant org.gradle.launcher.daemon.bootstrap.GradleDaemon 7.0.2

Host: Intel(R) Core(TM) i5-4200U CPU @ 1.60GHz, 4 cores, 7G,  Windows 10 , 64 bit Build 19041 (10.0.19041.1348)
Time: Wed Nov 24 00:11:36 2021 Hora est. Pacífico, Sudamérica elapsed time: 307.457846 seconds (0d 0h 5m 7s)

---------------  T H R E A D  ---------------

Current thread (0x000001949a2af800):  VMThread "VM Thread" [stack: 0x0000004c32800000,0x0000004c32900000] [id=7248]

Stack: [0x0000004c32800000,0x0000004c32900000]
[error occurred during error reporting (printing stack bounds), id 0xc0000005, EXCEPTION_ACCESS_VIOLATION (0xc0000005) at pc=0x0000019483a30f2d]

Native frames: (J=compiled Java code, j=interpreted, Vv=VM code, C=native code)
V  [jvm.dll+0x5ecfaa]
V  [jvm.dll+0x722bd5]
V  [jvm.dll+0x72412d]
V  [jvm.dll+0x724745]
V  [jvm.dll+0x7246fb]
V  [jvm.dll+0x5ec348]
V  [jvm.dll+0x5ecad8]
C  [ntdll.dll+0xa20cf]
C  [ntdll.dll+0x51454]
C  [ntdll.dll+0xa0bfe]
C  0x0000019483a30f2d

VM_Operation (0x0000004c354f8a50): G1CollectForAllocation, mode: safepoint, requested by thread 0x000001949af8f000


---------------  P R O C E S S  ---------------

Threads class SMR info:
_java_thread_list=0x00000194a49b1510, length=56, elements={
0x00000194fb8b2800, 0x000001949a2b3800, 0x000001949a2b7000, 0x000001949ac72800,
0x000001949ac73800, 0x000001949a2d2800, 0x000001949a2d7800, 0x000001949a2e6000,
0x000001949a2e8000, 0x000001949adaa000, 0x000001949cd49800, 0x000001949d47c000,
0x000001949d47c800, 0x000001949e068000, 0x000001949e06e800, 0x000001949e06e000,
0x000001949e06d000, 0x000001949e06c000, 0x000001949e06a000, 0x000001949e069000,
0x000001949e070800, 0x000001949e06f800, 0x000001949e071000, 0x000001949e075000,
0x000001949e06a800, 0x000001949e073800, 0x000001949af82000, 0x000001949d47d800,
0x000001949d47b000, 0x000001949d47e800, 0x000001949d47f000, 0x000001949d480000,
0x000001949d47a000, 0x000001949af87800, 0x000001949af85800, 0x000001949af86000,
0x000001949af83800, 0x000001949af88800, 0x000001949af83000, 0x000001949af8e800,
0x000001949af89800, 0x000001949af8f000, 0x000001949af8c000, 0x000001949af8b000,
0x000001949af8c800, 0x000001949af8d800, 0x000001949af90000, 0x000001949af87000,
0x000001949e073000, 0x000001949e077000, 0x00000194a4b08800, 0x00000194a4b08000,
0x00000194a4b07000, 0x00000194a4b05800, 0x00000194a4b09800, 0x00000194a4b04000
}

Java Threads: ( => current thread )
  0x00000194fb8b2800 JavaThread "main" [_thread_blocked, id=10400, stack(0x0000004c32200000,0x0000004c32300000)]
  0x000001949a2b3800 JavaThread "Reference Handler" daemon [_thread_blocked, id=16460, stack(0x0000004c32900000,0x0000004c32a00000)]
  0x000001949a2b7000 JavaThread "Finalizer" daemon [_thread_blocked, id=15128, stack(0x0000004c32a00000,0x0000004c32b00000)]
  0x000001949ac72800 JavaThread "Signal Dispatcher" daemon [_thread_blocked, id=13004, stack(0x0000004c32b00000,0x0000004c32c00000)]
  0x000001949ac73800 JavaThread "Attach Listener" daemon [_thread_blocked, id=6388, stack(0x0000004c32c00000,0x0000004c32d00000)]
  0x000001949a2d2800 JavaThread "Service Thread" daemon [_thread_blocked, id=5820, stack(0x0000004c32d00000,0x0000004c32e00000)]
  0x000001949a2d7800 JavaThread "C2 CompilerThread0" daemon [_thread_in_native, id=6868, stack(0x0000004c32e00000,0x0000004c32f00000)]
  0x000001949a2e6000 JavaThread "C1 CompilerThread0" daemon [_thread_blocked, id=5032, stack(0x0000004c32f00000,0x0000004c33000000)]
  0x000001949a2e8000 JavaThread "Sweeper thread" daemon [_thread_blocked, id=11804, stack(0x0000004c33000000,0x0000004c33100000)]
  0x000001949adaa000 JavaThread "Common-Cleaner" daemon [_thread_blocked, id=17164, stack(0x0000004c33100000,0x0000004c33200000)]
  0x000001949cd49800 JavaThread "Daemon health stats" [_thread_blocked, id=13912, stack(0x0000004c33600000,0x0000004c33700000)]
  0x000001949d47c000 JavaThread "Incoming local TCP Connector on port 54222" [_thread_in_native, id=10568, stack(0x0000004c33300000,0x0000004c33400000)]
  0x000001949d47c800 JavaThread "Daemon periodic checks" [_thread_blocked, id=16140, stack(0x0000004c33700000,0x0000004c33800000)]
  0x000001949e068000 JavaThread "Cache worker for file hash cache (C:\Users\Carolina\.gradle\caches\7.0.2\fileHashes)" [_thread_blocked, id=15964, stack(0x0000004c34000000,0x0000004c34100000)]
  0x000001949e06e800 JavaThread "File lock request listener" [_thread_in_native, id=12760, stack(0x0000004c34100000,0x0000004c34200000)]
  0x000001949e06e000 JavaThread "Cache worker for journal cache (C:\Users\Carolina\.gradle\caches\journal-1)" [_thread_blocked, id=17120, stack(0x0000004c34200000,0x0000004c34300000)]
  0x000001949e06d000 JavaThread "File watcher server" daemon [_thread_blocked, id=13836, stack(0x0000004c34400000,0x0000004c34500000)]
  0x000001949e06c000 JavaThread "File watcher consumer" daemon [_thread_blocked, id=16244, stack(0x0000004c34500000,0x0000004c34600000)]
  0x000001949e06a000 JavaThread "jar transforms" [_thread_blocked, id=9820, stack(0x0000004c34600000,0x0000004c34700000)]
  0x000001949e069000 JavaThread "jar transforms Thread 2" [_thread_blocked, id=8612, stack(0x0000004c34700000,0x0000004c34800000)]
  0x000001949e070800 JavaThread "jar transforms Thread 3" [_thread_blocked, id=12684, stack(0x0000004c34800000,0x0000004c34900000)]
  0x000001949e06f800 JavaThread "jar transforms Thread 4" [_thread_blocked, id=15196, stack(0x0000004c34900000,0x0000004c34a00000)]
  0x000001949e071000 JavaThread "Cache worker for execution history cache (C:\Users\Carolina\.gradle\caches\7.0.2\executionHistory)" [_thread_blocked, id=10900, stack(0x0000004c34e00000,0x0000004c34f00000)]
  0x000001949e075000 JavaThread "Cache worker for file content cache (C:\Users\Carolina\.gradle\caches\7.0.2\fileContent)" [_thread_blocked, id=12088, stack(0x0000004c34f00000,0x0000004c35000000)]
  0x000001949e06a800 JavaThread "Daemon Thread 3" [_thread_blocked, id=13616, stack(0x0000004c31f00000,0x0000004c32000000)]
  0x000001949e073800 JavaThread "Daemon worker Thread 3" [_thread_blocked, id=9960, stack(0x0000004c33a00000,0x0000004c33b00000)]
  0x000001949af82000 JavaThread "Memory manager" [_thread_blocked, id=3416, stack(0x0000004c35500000,0x0000004c35600000)]
  0x000001949d47d800 JavaThread "Handler for socket connection from /127.0.0.1:54222 to /127.0.0.1:54285" [_thread_in_native, id=12140, stack(0x0000004c32100000,0x0000004c32200000)]
  0x000001949d47b000 JavaThread "Cancel handler" [_thread_blocked, id=11376, stack(0x0000004c33800000,0x0000004c33900000)]
  0x000001949d47e800 JavaThread "Asynchronous log dispatcher for DefaultDaemonConnection: socket connection from /127.0.0.1:54222 to /127.0.0.1:54285" [_thread_blocked, id=12252, stack(0x0000004c33b00000,0x0000004c33c00000)]
  0x000001949d47f000 JavaThread "Stdin handler" [_thread_blocked, id=12848, stack(0x0000004c33c00000,0x0000004c33d00000)]
  0x000001949d480000 JavaThread "Daemon client event forwarder" [_thread_blocked, id=8440, stack(0x0000004c33d00000,0x0000004c33e00000)]
  0x000001949d47a000 JavaThread "Cache worker for file hash cache (C:\Users\Carolina\Desktop\EjemploActivities\.gradle\7.0.2\fileHashes)" [_thread_blocked, id=13104, stack(0x0000004c33e00000,0x0000004c33f00000)]
  0x000001949af87800 JavaThread "Cache worker for checksums cache (C:\Users\Carolina\Desktop\EjemploActivities\.gradle\checksums)" [_thread_blocked, id=10756, stack(0x0000004c34300000,0x0000004c34400000)]
  0x000001949af85800 JavaThread "Cache worker for cache directory md-supplier (C:\Users\Carolina\.gradle\caches\7.0.2\md-supplier)" [_thread_blocked, id=10880, stack(0x0000004c34a00000,0x0000004c34b00000)]
  0x000001949af86000 JavaThread "Cache worker for cache directory md-rule (C:\Users\Carolina\.gradle\caches\7.0.2\md-rule)" [_thread_blocked, id=3752, stack(0x0000004c34b00000,0x0000004c34c00000)]
  0x000001949af83800 JavaThread "Cache worker for dependencies-accessors (C:\Users\Carolina\Desktop\EjemploActivities\.gradle\7.0.2\dependencies-accessors)" [_thread_blocked, id=6152, stack(0x0000004c34d00000,0x0000004c34e00000)]
  0x000001949af88800 JavaThread "Cache worker for Build Output Cleanup Cache (C:\Users\Carolina\Desktop\EjemploActivities\.gradle\buildOutputCleanup)" [_thread_blocked, id=12188, stack(0x0000004c35000000,0x0000004c35100000)]
  0x000001949af83000 JavaThread "Build operations" [_thread_blocked, id=13436, stack(0x0000004c35100000,0x0000004c35200000)]
  0x000001949af8e800 JavaThread "Build operations Thread 2" [_thread_blocked, id=7644, stack(0x0000004c35200000,0x0000004c35300000)]
  0x000001949af89800 JavaThread "Build operations Thread 3" [_thread_blocked, id=15040, stack(0x0000004c35300000,0x0000004c35400000)]
  0x000001949af8f000 JavaThread "Build operations Thread 4" [_thread_blocked, id=8844, stack(0x0000004c35400000,0x0000004c35500000)]
  0x000001949af8c000 JavaThread "build event listener" [_thread_blocked, id=15340, stack(0x0000004c35600000,0x0000004c35700000)]
  0x000001949af8b000 JavaThread "Execution worker for ':'" [_thread_blocked, id=14480, stack(0x0000004c35700000,0x0000004c35800000)]
  0x000001949af8c800 JavaThread "Execution worker for ':' Thread 2" [_thread_blocked, id=5972, stack(0x0000004c35800000,0x0000004c35900000)]
  0x000001949af8d800 JavaThread "Execution worker for ':' Thread 3" [_thread_blocked, id=12860, stack(0x0000004c35900000,0x0000004c35a00000)]
  0x000001949af90000 JavaThread "Cache worker for execution history cache (C:\Users\Carolina\Desktop\EjemploActivities\.gradle\7.0.2\executionHistory)" [_thread_blocked, id=14308, stack(0x0000004c35a00000,0x0000004c35b00000)]
  0x000001949af87000 JavaThread "WorkerExecutor Queue" [_thread_blocked, id=17140, stack(0x0000004c35b00000,0x0000004c35c00000)]
  0x000001949e073000 JavaThread "WorkerExecutor Queue Thread 3" [_thread_blocked, id=8548, stack(0x0000004c35d00000,0x0000004c35e00000)]
  0x000001949e077000 JavaThread "WorkerExecutor Queue Thread 4" [_thread_blocked, id=15668, stack(0x0000004c35e00000,0x0000004c35f00000)]
  0x00000194a4b08800 JavaThread "pool-5-thread-1" [_thread_blocked, id=15688, stack(0x0000004c35f00000,0x0000004c36000000)]
  0x00000194a4b08000 JavaThread "stderr" [_thread_in_native, id=17044, stack(0x0000004c36000000,0x0000004c36100000)]
  0x00000194a4b07000 JavaThread "stdout" [_thread_in_native, id=5192, stack(0x0000004c36100000,0x0000004c36200000)]
  0x00000194a4b05800 JavaThread "stderr" [_thread_in_native, id=16316, stack(0x0000004c36200000,0x0000004c36300000)]
  0x00000194a4b09800 JavaThread "stdout" [_thread_in_native, id=1480, stack(0x0000004c36300000,0x0000004c36400000)]
  0x00000194a4b04000 JavaThread "C2 CompilerThread1" daemon [_thread_in_native, id=15380, stack(0x0000004c34c00000,0x0000004c34d00000)]

Other Threads:
=>0x000001949a2af800 VMThread "VM Thread" [stack: 0x0000004c32800000,0x0000004c32900000] [id=7248]
  0x000001949adcf800 WatcherThread [stack: 0x0000004c33200000,0x0000004c33300000] [id=15404]
  0x00000194fb8ca800 GCTaskThread "GC Thread#0" [stack: 0x0000004c32300000,0x0000004c32400000] [id=9608]
  0x000001949b9af000 GCTaskThread "GC Thread#1" [stack: 0x0000004c33400000,0x0000004c33500000] [id=12228]
  0x000001949b903800 GCTaskThread "GC Thread#2" [stack: 0x0000004c33500000,0x0000004c33600000] [id=5076]
  0x000001949c3d3800 GCTaskThread "GC Thread#3" [stack: 0x0000004c33f00000,0x0000004c34000000] [id=7384]
  0x00000194fb8fa800 ConcurrentGCThread "G1 Main Marker" [stack: 0x0000004c32400000,0x0000004c32500000] [id=15680]
  0x00000194fb8fb800 ConcurrentGCThread "G1 Conc#0" [stack: 0x0000004c32500000,0x0000004c32600000] [id=12672]
  0x00000194fb98d000 ConcurrentGCThread "G1 Refine#0" [stack: 0x0000004c32600000,0x0000004c32700000] [id=3848]
  0x00000194fb98e800 ConcurrentGCThread "G1 Young RemSet Sampling" [stack: 0x0000004c32700000,0x0000004c32800000] [id=9340]

Threads with active compile tasks:
C2 CompilerThread0 307485 23955       4       com.android.tools.r8.internal.X4::a (1165 bytes)
C2 CompilerThread1 307485 23980 %     4       com.android.tools.r8.internal.U6::a @ 2246 (6044 bytes)

VM state:at safepoint (normal execution)

VM Mutex/Monitor currently owned by a thread:  ([mutex/lock_event])
[0x00000194fb8ae190] Threads_lock - owner thread: 0x000001949a2af800
[0x00000194fb8ae070] Heap_lock - owner thread: 0x000001949af8f000

Heap address: 0x0000000080000000, size: 2048 MB, Compressed Oops mode: 32-bit
Narrow klass base: 0x0000000000000000, Narrow klass shift: 3
Compressed class space size: 1073741824 Address: 0x0000000100000000

Heap:
 garbage-first heap   total 494592K, used 217403K [0x0000000080000000, 0x0000000100000000)
  region size 1024K, 9 young (9216K), 9 survivors (9216K)
 Metaspace       used 134007K, capacity 138405K, committed 138624K, reserved 1169408K
  class space    used 16674K, capacity 18198K, committed 18304K, reserved 1048576K
Heap Regions: E=young(eden), S=young(survivor), O=old, HS=humongous(starts), HC=humongous(continues), CS=collection set, F=free, A=archive, TAMS=top-at-mark-start (previous, next)
|   0|0x0000000080000000, 0x0000000080100000, 0x0000000080100000|100%| O|  |TAMS 0x0000000080100000, 0x0000000080000000| Untracked 
|   1|0x0000000080100000, 0x0000000080200000, 0x0000000080200000|100%| O|  |TAMS 0x0000000080200000, 0x0000000080100000| Untracked 
|   2|0x0000000080200000, 0x0000000080300000, 0x0000000080300000|100%| O|  |TAMS 0x0000000080300000, 0x0000000080200000| Untracked 
|   3|0x0000000080300000, 0x0000000080400000, 0x0000000080400000|100%|HS|  |TAMS 0x0000000080400000, 0x0000000080300000| Complete 
|   4|0x0000000080400000, 0x0000000080500000, 0x0000000080500000|100%|HC|  |TAMS 0x0000000080500000, 0x0000000080400000| Complete 
|   5|0x0000000080500000, 0x0000000080600000, 0x0000000080600000|100%|HC|  |TAMS 0x0000000080600000, 0x0000000080500000| Complete 
|   6|0x0000000080600000, 0x0000000080700000, 0x0000000080700000|100%| O|  |TAMS 0x0000000080700000, 0x0000000080600000| Untracked 
|   7|0x0000000080700000, 0x0000000080800000, 0x0000000080800000|100%| O|  |TAMS 0x0000000080800000, 0x0000000080700000| Untracked 
|   8|0x0000000080800000, 0x0000000080900000, 0x0000000080900000|100%| O|  |TAMS 0x0000000080900000, 0x0000000080800000| Untracked 
|   9|0x0000000080900000, 0x0000000080a00000, 0x0000000080a00000|100%| O|  |TAMS 0x0000000080a00000, 0x0000000080900000| Untracked 
|  10|0x0000000080a00000, 0x0000000080b00000, 0x0000000080b00000|100%| O|  |TAMS 0x0000000080b00000, 0x0000000080a00000| Untracked 
|  11|0x0000000080b00000, 0x0000000080c00000, 0x0000000080c00000|100%| O|  |TAMS 0x0000000080c00000, 0x0000000080b00000| Untracked 
|  12|0x0000000080c00000, 0x0000000080d00000, 0x0000000080d00000|100%| O|  |TAMS 0x0000000080d00000, 0x0000000080c00000| Untracked 
|  13|0x0000000080d00000, 0x0000000080e00000, 0x0000000080e00000|100%| O|  |TAMS 0x0000000080e00000, 0x0000000080d00000| Untracked 
|  14|0x0000000080e00000, 0x0000000080f00000, 0x0000000080f00000|100%| O|  |TAMS 0x0000000080f00000, 0x0000000080e00000| Untracked 
|  15|0x0000000080f00000, 0x0000000081000000, 0x0000000081000000|100%| O|  |TAMS 0x0000000081000000, 0x0000000080f00000| Untracked 
|  16|0x0000000081000000, 0x0000000081100000, 0x0000000081100000|100%|HS|  |TAMS 0x0000000081100000, 0x0000000081000000| Complete 
|  17|0x0000000081100000, 0x0000000081200000, 0x0000000081200000|100%|HC|  |TAMS 0x0000000081200000, 0x0000000081100000| Complete 
|  18|0x0000000081200000, 0x0000000081300000, 0x0000000081300000|100%|HS|  |TAMS 0x0000000081300000, 0x0000000081200000| Complete 
|  19|0x0000000081300000, 0x0000000081400000, 0x0000000081400000|100%|HC|  |TAMS 0x0000000081400000, 0x0000000081300000| Complete 
|  20|0x0000000081400000, 0x0000000081500000, 0x0000000081500000|100%|HC|  |TAMS 0x0000000081500000, 0x0000000081400000| Complete 
|  21|0x0000000081500000, 0x0000000081600000, 0x0000000081600000|100%|HS|  |TAMS 0x0000000081600000, 0x0000000081500000| Complete 
|  22|0x0000000081600000, 0x0000000081700000, 0x0000000081700000|100%|HC|  |TAMS 0x0000000081700000, 0x0000000081600000| Complete 
|  23|0x0000000081700000, 0x0000000081800000, 0x0000000081800000|100%|HC|  |TAMS 0x0000000081800000, 0x0000000081700000| Complete 
|  24|0x0000000081800000, 0x0000000081900000, 0x0000000081900000|100%|HC|  |TAMS 0x0000000081900000, 0x0000000081800000| Complete 
|  25|0x0000000081900000, 0x0000000081a00000, 0x0000000081a00000|100%|HC|  |TAMS 0x0000000081a00000, 0x0000000081900000| Complete 
|  26|0x0000000081a00000, 0x0000000081b00000, 0x0000000081b00000|100%| O|  |TAMS 0x0000000081b00000, 0x0000000081a00000| Untracked 
|  27|0x0000000081b00000, 0x0000000081c00000, 0x0000000081c00000|100%| O|  |TAMS 0x0000000081c00000, 0x0000000081b00000| Untracked 
|  28|0x0000000081c00000, 0x0000000081d00000, 0x0000000081d00000|100%| O|  |TAMS 0x0000000081d00000, 0x0000000081c00000| Untracked 
|  29|0x0000000081d00000, 0x0000000081e00000, 0x0000000081e00000|100%| O|  |TAMS 0x0000000081e00000, 0x0000000081d00000| Untracked 
|  30|0x0000000081e00000, 0x0000000081f00000, 0x0000000081f00000|100%| O|  |TAMS 0x0000000081f00000, 0x0000000081e00000| Untracked 
|  31|0x0000000081f00000, 0x0000000082000000, 0x0000000082000000|100%| O|  |TAMS 0x0000000082000000, 0x0000000081f00000| Untracked 
|  32|0x0000000082000000, 0x0000000082100000, 0x0000000082100000|100%| O|  |TAMS 0x0000000082100000, 0x0000000082000000| Untracked 
|  33|0x0000000082100000, 0x0000000082200000, 0x0000000082200000|100%|HS|  |TAMS 0x0000000082200000, 0x0000000082100000| Complete 
|  34|0x0000000082200000, 0x0000000082300000, 0x0000000082300000|100%|HC|  |TAMS 0x0000000082300000, 0x0000000082200000| Complete 
|  35|0x0000000082300000, 0x0000000082400000, 0x0000000082400000|100%|HC|  |TAMS 0x0000000082400000, 0x0000000082300000| Complete 
|  36|0x0000000082400000, 0x0000000082500000, 0x0000000082500000|100%|HC|  |TAMS 0x0000000082500000, 0x0000000082400000| Complete 
|  37|0x0000000082500000, 0x0000000082600000, 0x0000000082600000|100%|HC|  |TAMS 0x0000000082600000, 0x0000000082500000| Complete 
|  38|0x0000000082600000, 0x0000000082700000, 0x0000000082700000|100%|HS|  |TAMS 0x0000000082700000, 0x0000000082600000| Complete 
|  39|0x0000000082700000, 0x0000000082800000, 0x0000000082800000|100%|HC|  |TAMS 0x0000000082800000, 0x0000000082700000| Complete 
|  40|0x0000000082800000, 0x0000000082900000, 0x0000000082900000|100%|HC|  |TAMS 0x0000000082900000, 0x0000000082800000| Complete 
|  41|0x0000000082900000, 0x0000000082a00000, 0x0000000082a00000|100%| O|  |TAMS 0x0000000082a00000, 0x0000000082900000| Untracked 
|  42|0x0000000082a00000, 0x0000000082b00000, 0x0000000082b00000|100%| O|  |TAMS 0x0000000082b00000, 0x0000000082a00000| Untracked 
|  43|0x0000000082b00000, 0x0000000082c00000, 0x0000000082c00000|100%| O|  |TAMS 0x0000000082c00000, 0x0000000082b00000| Untracked 
|  44|0x0000000082c00000, 0x0000000082d00000, 0x0000000082d00000|100%| O|  |TAMS 0x0000000082d00000, 0x0000000082c00000| Untracked 
|  45|0x0000000082d00000, 0x0000000082e00000, 0x0000000082e00000|100%| O|  |TAMS 0x0000000082e00000, 0x0000000082d00000| Untracked 
|  46|0x0000000082e00000, 0x0000000082f00000, 0x0000000082f00000|100%| O|  |TAMS 0x0000000082f00000, 0x0000000082e00000| Untracked 
|  47|0x0000000082f00000, 0x0000000083000000, 0x0000000083000000|100%| O|  |TAMS 0x0000000083000000, 0x0000000082f00000| Untracked 
|  48|0x0000000083000000, 0x0000000083100000, 0x0000000083100000|100%| O|  |TAMS 0x0000000083100000, 0x0000000083000000| Untracked 
|  49|0x0000000083100000, 0x0000000083200000, 0x0000000083200000|100%| O|  |TAMS 0x0000000083200000, 0x0000000083100000| Untracked 
|  50|0x0000000083200000, 0x0000000083300000, 0x0000000083300000|100%| O|  |TAMS 0x0000000083300000, 0x0000000083200000| Untracked 
|  51|0x0000000083300000, 0x0000000083400000, 0x0000000083400000|100%|HS|  |TAMS 0x0000000083400000, 0x0000000083300000| Complete 
|  52|0x0000000083400000, 0x0000000083500000, 0x0000000083500000|100%|HS|  |TAMS 0x0000000083500000, 0x0000000083400000| Complete 
|  53|0x0000000083500000, 0x0000000083600000, 0x0000000083600000|100%|HS|  |TAMS 0x0000000083600000, 0x0000000083500000| Complete 
|  54|0x0000000083600000, 0x0000000083700000, 0x0000000083700000|100%|HS|  |TAMS 0x0000000083700000, 0x0000000083600000| Complete 
|  55|0x0000000083700000, 0x0000000083800000, 0x0000000083800000|100%|HC|  |TAMS 0x0000000083800000, 0x0000000083700000| Complete 
|  56|0x0000000083800000, 0x0000000083900000, 0x0000000083900000|100%|HC|  |TAMS 0x0000000083900000, 0x0000000083800000| Complete 
|  57|0x0000000083900000, 0x0000000083a00000, 0x0000000083a00000|100%|HS|  |TAMS 0x0000000083a00000, 0x0000000083900000| Complete 
|  58|0x0000000083a00000, 0x0000000083b00000, 0x0000000083b00000|100%|HC|  |TAMS 0x0000000083b00000, 0x0000000083a00000| Complete 
|  59|0x0000000083b00000, 0x0000000083c00000, 0x0000000083c00000|100%| O|  |TAMS 0x0000000083c00000, 0x0000000083b00000| Untracked 
|  60|0x0000000083c00000, 0x0000000083d00000, 0x0000000083d00000|100%| O|  |TAMS 0x0000000083d00000, 0x0000000083c00000| Untracked 
|  61|0x0000000083d00000, 0x0000000083e00000, 0x0000000083e00000|100%| O|  |TAMS 0x0000000083e00000, 0x0000000083d00000| Untracked 
|  62|0x0000000083e00000, 0x0000000083f00000, 0x0000000083f00000|100%| O|  |TAMS 0x0000000083f00000, 0x0000000083e00000| Untracked 
|  63|0x0000000083f00000, 0x0000000084000000, 0x0000000084000000|100%| O|  |TAMS 0x0000000084000000, 0x0000000083f00000| Untracked 
|  64|0x0000000084000000, 0x0000000084100000, 0x0000000084100000|100%| O|  |TAMS 0x0000000084100000, 0x0000000084000000| Untracked 
|  65|0x0000000084100000, 0x0000000084200000, 0x0000000084200000|100%| O|  |TAMS 0x0000000084200000, 0x0000000084100000| Untracked 
|  66|0x0000000084200000, 0x0000000084300000, 0x0000000084300000|100%| O|  |TAMS 0x0000000084300000, 0x0000000084200000| Untracked 
|  67|0x0000000084300000, 0x0000000084400000, 0x0000000084400000|100%| O|  |TAMS 0x0000000084400000, 0x0000000084300000| Untracked 
|  68|0x0000000084400000, 0x0000000084500000, 0x0000000084500000|100%| O|  |TAMS 0x0000000084500000, 0x0000000084400000| Untracked 
|  69|0x0000000084500000, 0x0000000084600000, 0x0000000084600000|100%| O|  |TAMS 0x0000000084600000, 0x0000000084500000| Untracked 
|  70|0x0000000084600000, 0x0000000084700000, 0x0000000084700000|100%| O|  |TAMS 0x0000000084700000, 0x0000000084600000| Untracked 
|  71|0x0000000084700000, 0x0000000084800000, 0x0000000084800000|100%| O|  |TAMS 0x0000000084800000, 0x0000000084700000| Untracked 
|  72|0x0000000084800000, 0x0000000084900000, 0x0000000084900000|100%| O|  |TAMS 0x0000000084900000, 0x0000000084800000| Untracked 
|  73|0x0000000084900000, 0x0000000084a00000, 0x0000000084a00000|100%| O|  |TAMS 0x0000000084a00000, 0x0000000084900000| Untracked 
|  74|0x0000000084a00000, 0x0000000084b00000, 0x0000000084b00000|100%| O|  |TAMS 0x0000000084b00000, 0x0000000084a00000| Untracked 
|  75|0x0000000084b00000, 0x0000000084c00000, 0x0000000084c00000|100%| O|  |TAMS 0x0000000084c00000, 0x0000000084b00000| Untracked 
|  76|0x0000000084c00000, 0x0000000084d00000, 0x0000000084d00000|100%| O|  |TAMS 0x0000000084d00000, 0x0000000084c00000| Untracked 
|  77|0x0000000084d00000, 0x0000000084e00000, 0x0000000084e00000|100%| O|  |TAMS 0x0000000084e00000, 0x0000000084d00000| Untracked 
|  78|0x0000000084e00000, 0x0000000084f00000, 0x0000000084f00000|100%| O|  |TAMS 0x0000000084e00000, 0x0000000084e00000| Untracked 
|  79|0x0000000084f00000, 0x0000000085000000, 0x0000000085000000|100%| O|  |TAMS 0x0000000085000000, 0x0000000084f00000| Untracked 
|  80|0x0000000085000000, 0x0000000085100000, 0x0000000085100000|100%| O|  |TAMS 0x0000000085100000, 0x0000000085000000| Untracked 
|  81|0x0000000085100000, 0x0000000085200000, 0x0000000085200000|100%| O|  |TAMS 0x0000000085200000, 0x0000000085100000| Untracked 
|  82|0x0000000085200000, 0x0000000085300000, 0x0000000085300000|100%| O|  |TAMS 0x0000000085300000, 0x0000000085200000| Untracked 
|  83|0x0000000085300000, 0x0000000085400000, 0x0000000085400000|100%| O|  |TAMS 0x0000000085400000, 0x0000000085300000| Untracked 
|  84|0x0000000085400000, 0x0000000085500000, 0x0000000085500000|100%| O|  |TAMS 0x0000000085500000, 0x0000000085400000| Untracked 
|  85|0x0000000085500000, 0x0000000085600000, 0x0000000085600000|100%| O|  |TAMS 0x0000000085600000, 0x0000000085500000| Untracked 
|  86|0x0000000085600000, 0x0000000085700000, 0x0000000085700000|100%| O|  |TAMS 0x0000000085700000, 0x0000000085600000| Untracked 
|  87|0x0000000085700000, 0x0000000085800000, 0x0000000085800000|100%| O|  |TAMS 0x0000000085800000, 0x0000000085700000| Untracked 
|  88|0x0000000085800000, 0x0000000085900000, 0x0000000085900000|100%| O|  |TAMS 0x0000000085900000, 0x0000000085800000| Untracked 
|  89|0x0000000085900000, 0x0000000085a00000, 0x0000000085a00000|100%| O|  |TAMS 0x0000000085a00000, 0x0000000085900000| Untracked 
|  90|0x0000000085a00000, 0x0000000085b00000, 0x0000000085b00000|100%| O|  |TAMS 0x0000000085b00000, 0x0000000085a00000| Untracked 
|  91|0x0000000085b00000, 0x0000000085c00000, 0x0000000085c00000|100%| O|  |TAMS 0x0000000085c00000, 0x0000000085b00000| Untracked 
|  92|0x0000000085c00000, 0x0000000085d00000, 0x0000000085d00000|100%| O|  |TAMS 0x0000000085d00000, 0x0000000085c00000| Untracked 
|  93|0x0000000085d00000, 0x0000000085e00000, 0x0000000085e00000|100%| O|  |TAMS 0x0000000085e00000, 0x0000000085d00000| Untracked 
|  94|0x0000000085e00000, 0x0000000085f00000, 0x0000000085f00000|100%| O|  |TAMS 0x0000000085f00000, 0x0000000085e00000| Untracked 
|  95|0x0000000085f00000, 0x0000000086000000, 0x0000000086000000|100%| O|  |TAMS 0x0000000086000000, 0x0000000085f00000| Untracked 
|  96|0x0000000086000000, 0x0000000086100000, 0x0000000086100000|100%| O|  |TAMS 0x0000000086100000, 0x0000000086000000| Untracked 
|  97|0x0000000086100000, 0x0000000086200000, 0x0000000086200000|100%| O|  |TAMS 0x0000000086100000, 0x0000000086100000| Untracked 
|  98|0x0000000086200000, 0x0000000086300000, 0x0000000086300000|100%| O|  |TAMS 0x0000000086200000, 0x0000000086200000| Untracked 
|  99|0x0000000086300000, 0x0000000086400000, 0x0000000086400000|100%| O|  |TAMS 0x0000000086400000, 0x0000000086300000| Untracked 
| 100|0x0000000086400000, 0x0000000086500000, 0x0000000086500000|100%| O|  |TAMS 0x0000000086500000, 0x0000000086400000| Untracked 
| 101|0x0000000086500000, 0x0000000086600000, 0x0000000086600000|100%| O|  |TAMS 0x0000000086600000, 0x0000000086500000| Untracked 
| 102|0x0000000086600000, 0x0000000086700000, 0x0000000086700000|100%| O|  |TAMS 0x0000000086700000, 0x0000000086600000| Untracked 
| 103|0x0000000086700000, 0x0000000086800000, 0x0000000086800000|100%| O|  |TAMS 0x0000000086800000, 0x0000000086700000| Untracked 
| 104|0x0000000086800000, 0x0000000086900000, 0x0000000086900000|100%| O|  |TAMS 0x0000000086900000, 0x0000000086800000| Untracked 
| 105|0x0000000086900000, 0x0000000086a00000, 0x0000000086a00000|100%| O|  |TAMS 0x0000000086a00000, 0x0000000086900000| Untracked 
| 106|0x0000000086a00000, 0x0000000086b00000, 0x0000000086b00000|100%| O|  |TAMS 0x0000000086b00000, 0x0000000086a00000| Untracked 
| 107|0x0000000086b00000, 0x0000000086c00000, 0x0000000086c00000|100%| O|  |TAMS 0x0000000086b00000, 0x0000000086b00000| Untracked 
| 108|0x0000000086c00000, 0x0000000086d00000, 0x0000000086d00000|100%| O|  |TAMS 0x0000000086d00000, 0x0000000086c00000| Untracked 
| 109|0x0000000086d00000, 0x0000000086e00000, 0x0000000086e00000|100%| O|  |TAMS 0x0000000086e00000, 0x0000000086d00000| Untracked 
| 110|0x0000000086e00000, 0x0000000086f00000, 0x0000000086f00000|100%| O|  |TAMS 0x0000000086f00000, 0x0000000086e00000| Untracked 
| 111|0x0000000086f00000, 0x0000000087000000, 0x0000000087000000|100%| O|  |TAMS 0x0000000087000000, 0x0000000086f00000| Untracked 
| 112|0x0000000087000000, 0x0000000087100000, 0x0000000087100000|100%| O|  |TAMS 0x0000000087100000, 0x0000000087000000| Untracked 
| 113|0x0000000087100000, 0x0000000087200000, 0x0000000087200000|100%| O|  |TAMS 0x0000000087200000, 0x0000000087100000| Untracked 
| 114|0x0000000087200000, 0x0000000087300000, 0x0000000087300000|100%| O|  |TAMS 0x0000000087300000, 0x0000000087200000| Untracked 
| 115|0x0000000087300000, 0x0000000087400000, 0x0000000087400000|100%| O|  |TAMS 0x0000000087400000, 0x0000000087300000| Untracked 
| 116|0x0000000087400000, 0x0000000087500000, 0x0000000087500000|100%| O|  |TAMS 0x0000000087500000, 0x0000000087400000| Untracked 
| 117|0x0000000087500000, 0x0000000087600000, 0x0000000087600000|100%| O|  |TAMS 0x0000000087600000, 0x0000000087500000| Untracked 
| 118|0x0000000087600000, 0x0000000087700000, 0x0000000087700000|100%| O|  |TAMS 0x0000000087700000, 0x0000000087600000| Untracked 
| 119|0x0000000087700000, 0x0000000087800000, 0x0000000087800000|100%| O|  |TAMS 0x0000000087800000, 0x0000000087700000| Untracked 
| 120|0x0000000087800000, 0x0000000087900000, 0x0000000087900000|100%| O|  |TAMS 0x0000000087800000, 0x0000000087800000| Untracked 
| 121|0x0000000087900000, 0x0000000087a00000, 0x0000000087a00000|100%| O|  |TAMS 0x0000000087900000, 0x0000000087900000| Untracked 
| 122|0x0000000087a00000, 0x0000000087b00000, 0x0000000087b00000|100%| O|  |TAMS 0x0000000087a00000, 0x0000000087a00000| Untracked 
| 123|0x0000000087b00000, 0x0000000087c00000, 0x0000000087c00000|100%| O|  |TAMS 0x0000000087b00000, 0x0000000087b00000| Untracked 
| 124|0x0000000087c00000, 0x0000000087d00000, 0x0000000087d00000|100%| O|  |TAMS 0x0000000087c00000, 0x0000000087c00000| Untracked 
| 125|0x0000000087d00000, 0x0000000087e00000, 0x0000000087e00000|100%| O|  |TAMS 0x0000000087d00000, 0x0000000087d00000| Untracked 
| 126|0x0000000087e00000, 0x0000000087f00000, 0x0000000087f00000|100%| O|  |TAMS 0x0000000087e00000, 0x0000000087e00000| Untracked 
| 127|0x0000000087f00000, 0x0000000088000000, 0x0000000088000000|100%| O|  |TAMS 0x0000000087f00000, 0x0000000087f00000| Untracked 
| 128|0x0000000088000000, 0x0000000088100000, 0x0000000088100000|100%| O|  |TAMS 0x0000000088000000, 0x0000000088000000| Untracked 
| 129|0x0000000088100000, 0x0000000088200000, 0x0000000088200000|100%| O|  |TAMS 0x0000000088100000, 0x0000000088100000| Untracked 
| 130|0x0000000088200000, 0x0000000088300000, 0x0000000088300000|100%| O|  |TAMS 0x0000000088300000, 0x0000000088200000| Untracked 
| 131|0x0000000088300000, 0x0000000088400000, 0x0000000088400000|100%| O|  |TAMS 0x0000000088400000, 0x0000000088300000| Untracked 
| 132|0x0000000088400000, 0x0000000088500000, 0x0000000088500000|100%| O|  |TAMS 0x0000000088500000, 0x0000000088400000| Untracked 
| 133|0x0000000088500000, 0x0000000088600000, 0x0000000088600000|100%| O|  |TAMS 0x0000000088500000, 0x0000000088500000| Untracked 
| 134|0x0000000088600000, 0x0000000088700000, 0x0000000088700000|100%| O|  |TAMS 0x0000000088600000, 0x0000000088600000| Untracked 
| 135|0x0000000088700000, 0x0000000088800000, 0x0000000088800000|100%| O|  |TAMS 0x0000000088700000, 0x0000000088700000| Untracked 
| 136|0x0000000088800000, 0x0000000088900000, 0x0000000088900000|100%| O|  |TAMS 0x0000000088800000, 0x0000000088800000| Untracked 
| 137|0x0000000088900000, 0x0000000088a00000, 0x0000000088a00000|100%| O|  |TAMS 0x0000000088900000, 0x0000000088900000| Untracked 
| 138|0x0000000088a00000, 0x0000000088b00000, 0x0000000088b00000|100%| O|  |TAMS 0x0000000088a00000, 0x0000000088a00000| Untracked 
| 139|0x0000000088b00000, 0x0000000088c00000, 0x0000000088c00000|100%| O|  |TAMS 0x0000000088b00000, 0x0000000088b00000| Untracked 
| 140|0x0000000088c00000, 0x0000000088d00000, 0x0000000088d00000|100%| O|  |TAMS 0x0000000088c00000, 0x0000000088c00000| Untracked 
| 141|0x0000000088d00000, 0x0000000088e00000, 0x0000000088e00000|100%| O|  |TAMS 0x0000000088d00000, 0x0000000088d00000| Untracked 
| 142|0x0000000088e00000, 0x0000000088f00000, 0x0000000088f00000|100%| O|  |TAMS 0x0000000088e00000, 0x0000000088e00000| Untracked 
| 143|0x0000000088f00000, 0x0000000089000000, 0x0000000089000000|100%| O|  |TAMS 0x0000000088f00000, 0x0000000088f00000| Untracked 
| 144|0x0000000089000000, 0x0000000089100000, 0x0000000089100000|100%| O|  |TAMS 0x0000000089000000, 0x0000000089000000| Untracked 
| 145|0x0000000089100000, 0x0000000089200000, 0x0000000089200000|100%| O|  |TAMS 0x0000000089100000, 0x0000000089100000| Untracked 
| 146|0x0000000089200000, 0x0000000089300000, 0x0000000089300000|100%| O|  |TAMS 0x0000000089200000, 0x0000000089200000| Untracked 
| 147|0x0000000089300000, 0x0000000089400000, 0x0000000089400000|100%| O|  |TAMS 0x0000000089300000, 0x0000000089300000| Untracked 
| 148|0x0000000089400000, 0x0000000089500000, 0x0000000089500000|100%| O|  |TAMS 0x0000000089400000, 0x0000000089400000| Untracked 
| 149|0x0000000089500000, 0x0000000089600000, 0x0000000089600000|100%| O|  |TAMS 0x0000000089500000, 0x0000000089500000| Untracked 
| 150|0x0000000089600000, 0x0000000089700000, 0x0000000089700000|100%| O|  |TAMS 0x0000000089600000, 0x0000000089600000| Untracked 
| 151|0x0000000089700000, 0x0000000089800000, 0x0000000089800000|100%| O|  |TAMS 0x0000000089800000, 0x0000000089700000| Untracked 
| 152|0x0000000089800000, 0x0000000089900000, 0x0000000089900000|100%| O|  |TAMS 0x0000000089800000, 0x0000000089800000| Untracked 
| 153|0x0000000089900000, 0x0000000089a00000, 0x0000000089a00000|100%| O|  |TAMS 0x0000000089900000, 0x0000000089900000| Untracked 
| 154|0x0000000089a00000, 0x0000000089b00000, 0x0000000089b00000|100%| O|  |TAMS 0x0000000089a00000, 0x0000000089a00000| Untracked 
| 155|0x0000000089b00000, 0x0000000089c00000, 0x0000000089c00000|100%| O|  |TAMS 0x0000000089b00000, 0x0000000089b00000| Untracked 
| 156|0x0000000089c00000, 0x0000000089d00000, 0x0000000089d00000|100%| O|  |TAMS 0x0000000089c00000, 0x0000000089c00000| Untracked 
| 157|0x0000000089d00000, 0x0000000089e00000, 0x0000000089e00000|100%| O|  |TAMS 0x0000000089e00000, 0x0000000089d00000| Untracked 
| 158|0x0000000089e00000, 0x0000000089f00000, 0x0000000089f00000|100%| O|  |TAMS 0x0000000089f00000, 0x0000000089e00000| Untracked 
| 159|0x0000000089f00000, 0x000000008a000000, 0x000000008a000000|100%| O|  |TAMS 0x000000008a000000, 0x0000000089f00000| Untracked 
| 160|0x000000008a000000, 0x000000008a100000, 0x000000008a100000|100%|HS|  |TAMS 0x000000008a100000, 0x000000008a000000| Complete 
| 161|0x000000008a100000, 0x000000008a200000, 0x000000008a200000|100%|HC|  |TAMS 0x000000008a200000, 0x000000008a100000| Complete 
| 162|0x000000008a200000, 0x000000008a300000, 0x000000008a300000|100%| O|  |TAMS 0x000000008a200000, 0x000000008a200000| Untracked 
| 163|0x000000008a300000, 0x000000008a400000, 0x000000008a400000|100%| O|  |TAMS 0x000000008a300000, 0x000000008a300000| Untracked 
| 164|0x000000008a400000, 0x000000008a500000, 0x000000008a500000|100%| O|  |TAMS 0x000000008a500000, 0x000000008a400000| Untracked 
| 165|0x000000008a500000, 0x000000008a600000, 0x000000008a600000|100%| O|  |TAMS 0x000000008a600000, 0x000000008a500000| Untracked 
| 166|0x000000008a600000, 0x000000008a700000, 0x000000008a700000|100%| O|  |TAMS 0x000000008a700000, 0x000000008a600000| Untracked 
| 167|0x000000008a700000, 0x000000008a800000, 0x000000008a800000|100%| O|  |TAMS 0x000000008a800000, 0x000000008a700000| Untracked 
| 168|0x000000008a800000, 0x000000008a900000, 0x000000008a900000|100%| O|  |TAMS 0x000000008a900000, 0x000000008a800000| Untracked 
| 169|0x000000008a900000, 0x000000008aa00000, 0x000000008aa00000|100%| O|  |TAMS 0x000000008a900000, 0x000000008a900000| Untracked 
| 170|0x000000008aa00000, 0x000000008ab00000, 0x000000008ab00000|100%| O|  |TAMS 0x000000008aa00000, 0x000000008aa00000| Untracked 
| 171|0x000000008ab00000, 0x000000008ac00000, 0x000000008ac00000|100%| O|  |TAMS 0x000000008ab00000, 0x000000008ab00000| Untracked 
| 172|0x000000008ac00000, 0x000000008ad00000, 0x000000008ad00000|100%| O|  |TAMS 0x000000008ac00000, 0x000000008ac00000| Untracked 
| 173|0x000000008ad00000, 0x000000008ae00000, 0x000000008ae00000|100%| O|  |TAMS 0x000000008ad00000, 0x000000008ad00000| Untracked 
| 174|0x000000008ae00000, 0x000000008af00000, 0x000000008af00000|100%| O|  |TAMS 0x000000008ae00000, 0x000000008ae00000| Untracked 
| 175|0x000000008af00000, 0x000000008b000000, 0x000000008b000000|100%| O|  |TAMS 0x000000008af00000, 0x000000008af00000| Untracked 
| 176|0x000000008b000000, 0x000000008b100000, 0x000000008b100000|100%| O|  |TAMS 0x000000008b000000, 0x000000008b000000| Untracked 
| 177|0x000000008b100000, 0x000000008b200000, 0x000000008b200000|100%| O|  |TAMS 0x000000008b100000, 0x000000008b100000| Untracked 
| 178|0x000000008b200000, 0x000000008b300000, 0x000000008b300000|100%| O|  |TAMS 0x000000008b200000, 0x000000008b200000| Untracked 
| 179|0x000000008b300000, 0x000000008b400000, 0x000000008b400000|100%| O|  |TAMS 0x000000008b300000, 0x000000008b300000| Untracked 
| 180|0x000000008b400000, 0x000000008b500000, 0x000000008b500000|100%| O|  |TAMS 0x000000008b400000, 0x000000008b400000| Untracked 
| 181|0x000000008b500000, 0x000000008b600000, 0x000000008b600000|100%| O|  |TAMS 0x000000008b500000, 0x000000008b500000| Untracked 
| 182|0x000000008b600000, 0x000000008b700000, 0x000000008b700000|100%| O|  |TAMS 0x000000008b600000, 0x000000008b600000| Untracked 
| 183|0x000000008b700000, 0x000000008b800000, 0x000000008b800000|100%| O|  |TAMS 0x000000008b700000, 0x000000008b700000| Untracked 
| 184|0x000000008b800000, 0x000000008b900000, 0x000000008b900000|100%| O|  |TAMS 0x000000008b800000, 0x000000008b800000| Untracked 
| 185|0x000000008b900000, 0x000000008ba00000, 0x000000008ba00000|100%| O|  |TAMS 0x000000008b900000, 0x000000008b900000| Untracked 
| 186|0x000000008ba00000, 0x000000008bb00000, 0x000000008bb00000|100%| O|  |TAMS 0x000000008ba00000, 0x000000008ba00000| Untracked 
| 187|0x000000008bb00000, 0x000000008bc00000, 0x000000008bc00000|100%| O|  |TAMS 0x000000008bb00000, 0x000000008bb00000| Untracked 
| 188|0x000000008bc00000, 0x000000008bd00000, 0x000000008bd00000|100%| O|  |TAMS 0x000000008bc00000, 0x000000008bc00000| Untracked 
| 189|0x000000008bd00000, 0x000000008be00000, 0x000000008be00000|100%| O|  |TAMS 0x000000008bd00000, 0x000000008bd00000| Untracked 
| 190|0x000000008be00000, 0x000000008bf00000, 0x000000008bf00000|100%| O|  |TAMS 0x000000008be00000, 0x000000008be00000| Untracked 
| 191|0x000000008bf00000, 0x000000008c000000, 0x000000008c000000|100%| O|  |TAMS 0x000000008bf00000, 0x000000008bf00000| Untracked 
| 192|0x000000008c000000, 0x000000008c100000, 0x000000008c100000|100%| O|  |TAMS 0x000000008c000000, 0x000000008c000000| Untracked 
| 193|0x000000008c100000, 0x000000008c200000, 0x000000008c200000|100%| O|  |TAMS 0x000000008c100000, 0x000000008c100000| Untracked 
| 194|0x000000008c200000, 0x000000008c300000, 0x000000008c300000|100%| O|  |TAMS 0x000000008c200000, 0x000000008c200000| Untracked 
| 195|0x000000008c300000, 0x000000008c400000, 0x000000008c400000|100%| O|  |TAMS 0x000000008c300000, 0x000000008c300000| Untracked 
| 196|0x000000008c400000, 0x000000008c500000, 0x000000008c500000|100%| O|  |TAMS 0x000000008c400000, 0x000000008c400000| Untracked 
| 197|0x000000008c500000, 0x000000008c600000, 0x000000008c600000|100%| O|  |TAMS 0x000000008c500000, 0x000000008c500000| Untracked 
| 198|0x000000008c600000, 0x000000008c700000, 0x000000008c700000|100%| O|  |TAMS 0x000000008c600000, 0x000000008c600000| Untracked 
| 199|0x000000008c700000, 0x000000008c800000, 0x000000008c800000|100%| O|  |TAMS 0x000000008c700000, 0x000000008c700000| Untracked 
| 200|0x000000008c800000, 0x000000008c900000, 0x000000008c900000|100%| O|  |TAMS 0x000000008c800000, 0x000000008c800000| Untracked 
| 201|0x000000008c900000, 0x000000008ca00000, 0x000000008ca00000|100%| O|  |TAMS 0x000000008c900000, 0x000000008c900000| Untracked 
| 202|0x000000008ca00000, 0x000000008cb00000, 0x000000008cb00000|100%| O|  |TAMS 0x000000008ca00000, 0x000000008ca00000| Untracked 
| 203|0x000000008cb00000, 0x000000008cb5c200, 0x000000008cc00000| 35%| O|  |TAMS 0x000000008cb00000, 0x000000008cb00000| Untracked 
| 204|0x000000008cc00000, 0x000000008cc00000, 0x000000008cd00000|  0%| F|  |TAMS 0x000000008cc00000, 0x000000008cc00000| Untracked 
| 205|0x000000008cd00000, 0x000000008cd00000, 0x000000008ce00000|  0%| F|  |TAMS 0x000000008cd00000, 0x000000008cd00000| Untracked 
| 206|0x000000008ce00000, 0x000000008ce00000, 0x000000008cf00000|  0%| F|  |TAMS 0x000000008ce00000, 0x000000008ce00000| Untracked 
| 207|0x000000008cf00000, 0x000000008cf00000, 0x000000008d000000|  0%| F|  |TAMS 0x000000008cf00000, 0x000000008cf00000| Untracked 
| 208|0x000000008d000000, 0x000000008d000000, 0x000000008d100000|  0%| F|  |TAMS 0x000000008d000000, 0x000000008d000000| Untracked 
| 209|0x000000008d100000, 0x000000008d100000, 0x000000008d200000|  0%| F|  |TAMS 0x000000008d100000, 0x000000008d100000| Untracked 
| 210|0x000000008d200000, 0x000000008d200000, 0x000000008d300000|  0%| F|  |TAMS 0x000000008d200000, 0x000000008d200000| Untracked 
| 211|0x000000008d300000, 0x000000008d300000, 0x000000008d400000|  0%| F|  |TAMS 0x000000008d300000, 0x000000008d300000| Untracked 
| 212|0x000000008d400000, 0x000000008d400000, 0x000000008d500000|  0%| F|  |TAMS 0x000000008d400000, 0x000000008d400000| Untracked 
| 213|0x000000008d500000, 0x000000008d500000, 0x000000008d600000|  0%| F|  |TAMS 0x000000008d500000, 0x000000008d500000| Untracked 
| 214|0x000000008d600000, 0x000000008d600000, 0x000000008d700000|  0%| F|  |TAMS 0x000000008d600000, 0x000000008d600000| Untracked 
| 215|0x000000008d700000, 0x000000008d700000, 0x000000008d800000|  0%| F|  |TAMS 0x000000008d700000, 0x000000008d700000| Untracked 
| 216|0x000000008d800000, 0x000000008d800000, 0x000000008d900000|  0%| F|  |TAMS 0x000000008d800000, 0x000000008d800000| Untracked 
| 217|0x000000008d900000, 0x000000008d900000, 0x000000008da00000|  0%| F|  |TAMS 0x000000008d900000, 0x000000008d900000| Untracked 
| 218|0x000000008da00000, 0x000000008da00000, 0x000000008db00000|  0%| F|  |TAMS 0x000000008da00000, 0x000000008da00000| Untracked 
| 219|0x000000008db00000, 0x000000008db00000, 0x000000008dc00000|  0%| F|  |TAMS 0x000000008db00000, 0x000000008db00000| Untracked 
| 220|0x000000008dc00000, 0x000000008dc00000, 0x000000008dd00000|  0%| F|  |TAMS 0x000000008dc00000, 0x000000008dc00000| Untracked 
| 221|0x000000008dd00000, 0x000000008dd00000, 0x000000008de00000|  0%| F|  |TAMS 0x000000008dd00000, 0x000000008dd00000| Untracked 
| 222|0x000000008de00000, 0x000000008de00000, 0x000000008df00000|  0%| F|  |TAMS 0x000000008de00000, 0x000000008de00000| Untracked 
| 223|0x000000008df00000, 0x000000008df00000, 0x000000008e000000|  0%| F|  |TAMS 0x000000008df00000, 0x000000008df00000| Untracked 
| 224|0x000000008e000000, 0x000000008e000000, 0x000000008e100000|  0%| F|  |TAMS 0x000000008e000000, 0x000000008e000000| Untracked 
| 225|0x000000008e100000, 0x000000008e100000, 0x000000008e200000|  0%| F|  |TAMS 0x000000008e100000, 0x000000008e100000| Untracked 
| 226|0x000000008e200000, 0x000000008e200000, 0x000000008e300000|  0%| F|  |TAMS 0x000000008e200000, 0x000000008e200000| Untracked 
| 227|0x000000008e300000, 0x000000008e300000, 0x000000008e400000|  0%| F|  |TAMS 0x000000008e300000, 0x000000008e300000| Untracked 
| 228|0x000000008e400000, 0x000000008e400000, 0x000000008e500000|  0%| F|  |TAMS 0x000000008e400000, 0x000000008e400000| Untracked 
| 229|0x000000008e500000, 0x000000008e500000, 0x000000008e600000|  0%| F|  |TAMS 0x000000008e500000, 0x000000008e500000| Untracked 
| 230|0x000000008e600000, 0x000000008e600000, 0x000000008e700000|  0%| F|  |TAMS 0x000000008e600000, 0x000000008e600000| Untracked 
| 231|0x000000008e700000, 0x000000008e700000, 0x000000008e800000|  0%| F|  |TAMS 0x000000008e700000, 0x000000008e700000| Untracked 
| 232|0x000000008e800000, 0x000000008e800000, 0x000000008e900000|  0%| F|  |TAMS 0x000000008e800000, 0x000000008e800000| Untracked 
| 233|0x000000008e900000, 0x000000008e900000, 0x000000008ea00000|  0%| F|  |TAMS 0x000000008e900000, 0x000000008e900000| Untracked 
| 234|0x000000008ea00000, 0x000000008ea00000, 0x000000008eb00000|  0%| F|  |TAMS 0x000000008ea00000, 0x000000008ea00000| Untracked 
| 235|0x000000008eb00000, 0x000000008eb00000, 0x000000008ec00000|  0%| F|  |TAMS 0x000000008eb00000, 0x000000008eb00000| Untracked 
| 236|0x000000008ec00000, 0x000000008ec00000, 0x000000008ed00000|  0%| F|  |TAMS 0x000000008ec00000, 0x000000008ec00000| Untracked 
| 237|0x000000008ed00000, 0x000000008ed00000, 0x000000008ee00000|  0%| F|  |TAMS 0x000000008ed00000, 0x000000008ed00000| Untracked 
| 238|0x000000008ee00000, 0x000000008ee00000, 0x000000008ef00000|  0%| F|  |TAMS 0x000000008ee00000, 0x000000008ee00000| Untracked 
| 239|0x000000008ef00000, 0x000000008ef00000, 0x000000008f000000|  0%| F|  |TAMS 0x000000008ef00000, 0x000000008ef00000| Untracked 
| 240|0x000000008f000000, 0x000000008f000000, 0x000000008f100000|  0%| F|  |TAMS 0x000000008f000000, 0x000000008f000000| Untracked 
| 241|0x000000008f100000, 0x000000008f100000, 0x000000008f200000|  0%| F|  |TAMS 0x000000008f100000, 0x000000008f100000| Untracked 
| 242|0x000000008f200000, 0x000000008f200000, 0x000000008f300000|  0%| F|  |TAMS 0x000000008f200000, 0x000000008f200000| Untracked 
| 243|0x000000008f300000, 0x000000008f300000, 0x000000008f400000|  0%| F|  |TAMS 0x000000008f300000, 0x000000008f300000| Untracked 
| 244|0x000000008f400000, 0x000000008f400000, 0x000000008f500000|  0%| F|  |TAMS 0x000000008f400000, 0x000000008f400000| Untracked 
| 245|0x000000008f500000, 0x000000008f500000, 0x000000008f600000|  0%| F|  |TAMS 0x000000008f500000, 0x000000008f500000| Untracked 
| 246|0x000000008f600000, 0x000000008f600000, 0x000000008f700000|  0%| F|  |TAMS 0x000000008f600000, 0x000000008f600000| Untracked 
| 247|0x000000008f700000, 0x000000008f700000, 0x000000008f800000|  0%| F|  |TAMS 0x000000008f700000, 0x000000008f700000| Untracked 
| 248|0x000000008f800000, 0x000000008f800000, 0x000000008f900000|  0%| F|  |TAMS 0x000000008f800000, 0x000000008f800000| Untracked 
| 249|0x000000008f900000, 0x000000008f900000, 0x000000008fa00000|  0%| F|  |TAMS 0x000000008f900000, 0x000000008f900000| Untracked 
| 250|0x000000008fa00000, 0x000000008fa00000, 0x000000008fb00000|  0%| F|  |TAMS 0x000000008fa00000, 0x000000008fa00000| Untracked 
| 251|0x000000008fb00000, 0x000000008fb00000, 0x000000008fc00000|  0%| F|  |TAMS 0x000000008fb00000, 0x000000008fb00000| Untracked 
| 252|0x000000008fc00000, 0x000000008fc00000, 0x000000008fd00000|  0%| F|  |TAMS 0x000000008fc00000, 0x000000008fc00000| Untracked 
| 253|0x000000008fd00000, 0x000000008fd00000, 0x000000008fe00000|  0%| F|  |TAMS 0x000000008fd00000, 0x000000008fd00000| Untracked 
| 254|0x000000008fe00000, 0x000000008fe00000, 0x000000008ff00000|  0%| F|  |TAMS 0x000000008fe00000, 0x000000008fe00000| Untracked 
| 255|0x000000008ff00000, 0x000000008ff00000, 0x0000000090000000|  0%| F|  |TAMS 0x000000008ff00000, 0x000000008ff00000| Untracked 
| 256|0x0000000090000000, 0x0000000090000000, 0x0000000090100000|  0%| F|  |TAMS 0x0000000090000000, 0x0000000090000000| Untracked 
| 257|0x0000000090100000, 0x0000000090100000, 0x0000000090200000|  0%| F|  |TAMS 0x0000000090100000, 0x0000000090100000| Untracked 
| 258|0x0000000090200000, 0x0000000090200000, 0x0000000090300000|  0%| F|  |TAMS 0x0000000090200000, 0x0000000090200000| Untracked 
| 259|0x0000000090300000, 0x0000000090300000, 0x0000000090400000|  0%| F|  |TAMS 0x0000000090300000, 0x0000000090300000| Untracked 
| 260|0x0000000090400000, 0x0000000090400000, 0x0000000090500000|  0%| F|  |TAMS 0x0000000090400000, 0x0000000090400000| Untracked 
| 261|0x0000000090500000, 0x00000000905f2a90, 0x0000000090600000| 94%| S|CS|TAMS 0x0000000090500000, 0x0000000090500000| Complete 
| 262|0x0000000090600000, 0x0000000090700000, 0x0000000090700000|100%| S|CS|TAMS 0x0000000090600000, 0x0000000090600000| Complete 
| 263|0x0000000090700000, 0x0000000090800000, 0x0000000090800000|100%| S|CS|TAMS 0x0000000090700000, 0x0000000090700000| Complete 
| 264|0x0000000090800000, 0x0000000090800000, 0x0000000090900000|  0%| F|  |TAMS 0x0000000090800000, 0x0000000090800000| Untracked 
| 265|0x0000000090900000, 0x0000000090900000, 0x0000000090a00000|  0%| F|  |TAMS 0x0000000090900000, 0x0000000090900000| Untracked 
| 266|0x0000000090a00000, 0x0000000090a00000, 0x0000000090b00000|  0%| F|  |TAMS 0x0000000090a00000, 0x0000000090a00000| Untracked 
| 267|0x0000000090b00000, 0x0000000090b00000, 0x0000000090c00000|  0%| F|  |TAMS 0x0000000090b00000, 0x0000000090b00000| Untracked 
| 268|0x0000000090c00000, 0x0000000090c00000, 0x0000000090d00000|  0%| F|  |TAMS 0x0000000090c00000, 0x0000000090c00000| Untracked 
| 269|0x0000000090d00000, 0x0000000090d00000, 0x0000000090e00000|  0%| F|  |TAMS 0x0000000090d00000, 0x0000000090d00000| Untracked 
| 270|0x0000000090e00000, 0x0000000090e00000, 0x0000000090f00000|  0%| F|  |TAMS 0x0000000090e00000, 0x0000000090e00000| Untracked 
| 271|0x0000000090f00000, 0x0000000090f00000, 0x0000000091000000|  0%| F|  |TAMS 0x0000000090f00000, 0x0000000090f00000| Untracked 
| 272|0x0000000091000000, 0x0000000091000000, 0x0000000091100000|  0%| F|  |TAMS 0x0000000091000000, 0x0000000091000000| Untracked 
| 273|0x0000000091100000, 0x0000000091200000, 0x0000000091200000|100%| S|CS|TAMS 0x0000000091100000, 0x0000000091100000| Complete 
| 274|0x0000000091200000, 0x0000000091300000, 0x0000000091300000|100%| S|CS|TAMS 0x0000000091200000, 0x0000000091200000| Complete 
| 275|0x0000000091300000, 0x0000000091400000, 0x0000000091400000|100%| S|CS|TAMS 0x0000000091300000, 0x0000000091300000| Complete 
| 276|0x0000000091400000, 0x0000000091500000, 0x0000000091500000|100%| S|CS|TAMS 0x0000000091400000, 0x0000000091400000| Complete 
| 277|0x0000000091500000, 0x0000000091600000, 0x0000000091600000|100%| S|CS|TAMS 0x0000000091500000, 0x0000000091500000| Complete 
| 278|0x0000000091600000, 0x0000000091700000, 0x0000000091700000|100%| S|CS|TAMS 0x0000000091600000, 0x0000000091600000| Complete 
| 279|0x0000000091700000, 0x0000000091700000, 0x0000000091800000|  0%| F|  |TAMS 0x0000000091700000, 0x0000000091700000| Untracked 
| 280|0x0000000091800000, 0x0000000091800000, 0x0000000091900000|  0%| F|  |TAMS 0x0000000091800000, 0x0000000091800000| Untracked 
| 281|0x0000000091900000, 0x0000000091900000, 0x0000000091a00000|  0%| F|  |TAMS 0x0000000091900000, 0x0000000091900000| Untracked 
| 282|0x0000000091a00000, 0x0000000091a00000, 0x0000000091b00000|  0%| F|  |TAMS 0x0000000091a00000, 0x0000000091a00000| Untracked 
| 283|0x0000000091b00000, 0x0000000091b00000, 0x0000000091c00000|  0%| F|  |TAMS 0x0000000091b00000, 0x0000000091b00000| Untracked 
| 284|0x0000000091c00000, 0x0000000091c00000, 0x0000000091d00000|  0%| F|  |TAMS 0x0000000091c00000, 0x0000000091c00000| Untracked 
| 285|0x0000000091d00000, 0x0000000091d00000, 0x0000000091e00000|  0%| F|  |TAMS 0x0000000091d00000, 0x0000000091d00000| Untracked 
| 286|0x0000000091e00000, 0x0000000091e00000, 0x0000000091f00000|  0%| F|  |TAMS 0x0000000091e00000, 0x0000000091e00000| Untracked 
| 287|0x0000000091f00000, 0x0000000091f00000, 0x0000000092000000|  0%| F|  |TAMS 0x0000000091f00000, 0x0000000091f00000| Untracked 
| 288|0x0000000092000000, 0x0000000092000000, 0x0000000092100000|  0%| F|  |TAMS 0x0000000092000000, 0x0000000092000000| Untracked 
| 289|0x0000000092100000, 0x0000000092100000, 0x0000000092200000|  0%| F|  |TAMS 0x0000000092100000, 0x0000000092100000| Untracked 
| 290|0x0000000092200000, 0x0000000092200000, 0x0000000092300000|  0%| F|  |TAMS 0x0000000092200000, 0x0000000092200000| Untracked 
| 291|0x0000000092300000, 0x0000000092300000, 0x0000000092400000|  0%| F|  |TAMS 0x0000000092300000, 0x0000000092300000| Untracked 
| 292|0x0000000092400000, 0x0000000092400000, 0x0000000092500000|  0%| F|  |TAMS 0x0000000092400000, 0x0000000092400000| Untracked 
| 293|0x0000000092500000, 0x0000000092500000, 0x0000000092600000|  0%| F|  |TAMS 0x0000000092500000, 0x0000000092500000| Untracked 
| 294|0x0000000092600000, 0x0000000092600000, 0x0000000092700000|  0%| F|  |TAMS 0x0000000092600000, 0x0000000092600000| Untracked 
| 295|0x0000000092700000, 0x0000000092700000, 0x0000000092800000|  0%| F|  |TAMS 0x0000000092700000, 0x0000000092700000| Untracked 
| 296|0x0000000092800000, 0x0000000092800000, 0x0000000092900000|  0%| F|  |TAMS 0x0000000092800000, 0x0000000092800000| Untracked 
| 297|0x0000000092900000, 0x0000000092900000, 0x0000000092a00000|  0%| F|  |TAMS 0x0000000092900000, 0x0000000092900000| Untracked 
| 298|0x0000000092a00000, 0x0000000092a00000, 0x0000000092b00000|  0%| F|  |TAMS 0x0000000092a00000, 0x0000000092a00000| Untracked 
| 299|0x0000000092b00000, 0x0000000092b00000, 0x0000000092c00000|  0%| F|  |TAMS 0x0000000092b00000, 0x0000000092b00000| Untracked 
| 300|0x0000000092c00000, 0x0000000092c00000, 0x0000000092d00000|  0%| F|  |TAMS 0x0000000092c00000, 0x0000000092c00000| Untracked 
| 301|0x0000000092d00000, 0x0000000092d00000, 0x0000000092e00000|  0%| F|  |TAMS 0x0000000092d00000, 0x0000000092d00000| Untracked 
| 302|0x0000000092e00000, 0x0000000092e00000, 0x0000000092f00000|  0%| F|  |TAMS 0x0000000092e00000, 0x0000000092e00000| Untracked 
| 303|0x0000000092f00000, 0x0000000092f00000, 0x0000000093000000|  0%| F|  |TAMS 0x0000000092f00000, 0x0000000092f00000| Untracked 
| 304|0x0000000093000000, 0x0000000093000000, 0x0000000093100000|  0%| F|  |TAMS 0x0000000093000000, 0x0000000093000000| Untracked 
| 305|0x0000000093100000, 0x0000000093100000, 0x0000000093200000|  0%| F|  |TAMS 0x0000000093100000, 0x0000000093100000| Untracked 
| 306|0x0000000093200000, 0x0000000093200000, 0x0000000093300000|  0%| F|  |TAMS 0x0000000093200000, 0x0000000093200000| Untracked 
| 307|0x0000000093300000, 0x0000000093300000, 0x0000000093400000|  0%| F|  |TAMS 0x0000000093300000, 0x0000000093300000| Untracked 
| 308|0x0000000093400000, 0x0000000093400000, 0x0000000093500000|  0%| F|  |TAMS 0x0000000093400000, 0x0000000093400000| Untracked 
| 309|0x0000000093500000, 0x0000000093500000, 0x0000000093600000|  0%| F|  |TAMS 0x0000000093500000, 0x0000000093500000| Untracked 
| 310|0x0000000093600000, 0x0000000093600000, 0x0000000093700000|  0%| F|  |TAMS 0x0000000093600000, 0x0000000093600000| Untracked 
| 311|0x0000000093700000, 0x0000000093700000, 0x0000000093800000|  0%| F|  |TAMS 0x0000000093700000, 0x0000000093700000| Untracked 
| 312|0x0000000093800000, 0x0000000093800000, 0x0000000093900000|  0%| F|  |TAMS 0x0000000093800000, 0x0000000093800000| Untracked 
| 313|0x0000000093900000, 0x0000000093900000, 0x0000000093a00000|  0%| F|  |TAMS 0x0000000093900000, 0x0000000093900000| Untracked 
| 314|0x0000000093a00000, 0x0000000093a00000, 0x0000000093b00000|  0%| F|  |TAMS 0x0000000093a00000, 0x0000000093a00000| Untracked 
| 315|0x0000000093b00000, 0x0000000093b00000, 0x0000000093c00000|  0%| F|  |TAMS 0x0000000093b00000, 0x0000000093b00000| Untracked 
| 316|0x0000000093c00000, 0x0000000093c00000, 0x0000000093d00000|  0%| F|  |TAMS 0x0000000093c00000, 0x0000000093c00000| Untracked 
| 317|0x0000000093d00000, 0x0000000093d00000, 0x0000000093e00000|  0%| F|  |TAMS 0x0000000093d00000, 0x0000000093d00000| Untracked 
| 318|0x0000000093e00000, 0x0000000093e00000, 0x0000000093f00000|  0%| F|  |TAMS 0x0000000093e00000, 0x0000000093e00000| Untracked 
| 319|0x0000000093f00000, 0x0000000093f00000, 0x0000000094000000|  0%| F|  |TAMS 0x0000000093f00000, 0x0000000093f00000| Untracked 
| 320|0x0000000094000000, 0x0000000094000000, 0x0000000094100000|  0%| F|  |TAMS 0x0000000094000000, 0x0000000094000000| Untracked 
| 321|0x0000000094100000, 0x0000000094100000, 0x0000000094200000|  0%| F|  |TAMS 0x0000000094100000, 0x0000000094100000| Untracked 
| 322|0x0000000094200000, 0x0000000094200000, 0x0000000094300000|  0%| F|  |TAMS 0x0000000094200000, 0x0000000094200000| Untracked 
| 323|0x0000000094300000, 0x0000000094300000, 0x0000000094400000|  0%| F|  |TAMS 0x0000000094300000, 0x0000000094300000| Untracked 
| 324|0x0000000094400000, 0x0000000094400000, 0x0000000094500000|  0%| F|  |TAMS 0x0000000094400000, 0x0000000094400000| Untracked 
| 325|0x0000000094500000, 0x0000000094500000, 0x0000000094600000|  0%| F|  |TAMS 0x0000000094500000, 0x0000000094500000| Untracked 
| 326|0x0000000094600000, 0x0000000094600000, 0x0000000094700000|  0%| F|  |TAMS 0x0000000094600000, 0x0000000094600000| Untracked 
| 327|0x0000000094700000, 0x0000000094700000, 0x0000000094800000|  0%| F|  |TAMS 0x0000000094700000, 0x0000000094700000| Untracked 
| 328|0x0000000094800000, 0x0000000094800000, 0x0000000094900000|  0%| F|  |TAMS 0x0000000094800000, 0x0000000094800000| Untracked 
| 329|0x0000000094900000, 0x0000000094900000, 0x0000000094a00000|  0%| F|  |TAMS 0x0000000094900000, 0x0000000094900000| Untracked 
| 330|0x0000000094a00000, 0x0000000094a00000, 0x0000000094b00000|  0%| F|  |TAMS 0x0000000094a00000, 0x0000000094a00000| Untracked 
| 331|0x0000000094b00000, 0x0000000094b00000, 0x0000000094c00000|  0%| F|  |TAMS 0x0000000094b00000, 0x0000000094b00000| Untracked 
| 332|0x0000000094c00000, 0x0000000094c00000, 0x0000000094d00000|  0%| F|  |TAMS 0x0000000094c00000, 0x0000000094c00000| Untracked 
| 333|0x0000000094d00000, 0x0000000094d00000, 0x0000000094e00000|  0%| F|  |TAMS 0x0000000094d00000, 0x0000000094d00000| Untracked 
| 334|0x0000000094e00000, 0x0000000094e00000, 0x0000000094f00000|  0%| F|  |TAMS 0x0000000094e00000, 0x0000000094e00000| Untracked 
| 335|0x0000000094f00000, 0x0000000094f00000, 0x0000000095000000|  0%| F|  |TAMS 0x0000000094f00000, 0x0000000094f00000| Untracked 
| 336|0x0000000095000000, 0x0000000095000000, 0x0000000095100000|  0%| F|  |TAMS 0x0000000095000000, 0x0000000095000000| Untracked 
| 337|0x0000000095100000, 0x0000000095100000, 0x0000000095200000|  0%| F|  |TAMS 0x0000000095100000, 0x0000000095100000| Untracked 
| 338|0x0000000095200000, 0x0000000095200000, 0x0000000095300000|  0%| F|  |TAMS 0x0000000095200000, 0x0000000095200000| Untracked 
| 339|0x0000000095300000, 0x0000000095300000, 0x0000000095400000|  0%| F|  |TAMS 0x0000000095300000, 0x0000000095300000| Untracked 
| 340|0x0000000095400000, 0x0000000095400000, 0x0000000095500000|  0%| F|  |TAMS 0x0000000095400000, 0x0000000095400000| Untracked 
| 341|0x0000000095500000, 0x0000000095500000, 0x0000000095600000|  0%| F|  |TAMS 0x0000000095500000, 0x0000000095500000| Untracked 
| 342|0x0000000095600000, 0x0000000095600000, 0x0000000095700000|  0%| F|  |TAMS 0x0000000095600000, 0x0000000095600000| Untracked 
| 343|0x0000000095700000, 0x0000000095700000, 0x0000000095800000|  0%| F|  |TAMS 0x0000000095700000, 0x0000000095700000| Untracked 
| 344|0x0000000095800000, 0x0000000095800000, 0x0000000095900000|  0%| F|  |TAMS 0x0000000095800000, 0x0000000095800000| Untracked 
| 345|0x0000000095900000, 0x0000000095900000, 0x0000000095a00000|  0%| F|  |TAMS 0x0000000095900000, 0x0000000095900000| Untracked 
| 346|0x0000000095a00000, 0x0000000095a00000, 0x0000000095b00000|  0%| F|  |TAMS 0x0000000095a00000, 0x0000000095a00000| Untracked 
| 347|0x0000000095b00000, 0x0000000095b00000, 0x0000000095c00000|  0%| F|  |TAMS 0x0000000095b00000, 0x0000000095b00000| Untracked 
| 348|0x0000000095c00000, 0x0000000095c00000, 0x0000000095d00000|  0%| F|  |TAMS 0x0000000095c00000, 0x0000000095c00000| Untracked 
| 349|0x0000000095d00000, 0x0000000095d00000, 0x0000000095e00000|  0%| F|  |TAMS 0x0000000095d00000, 0x0000000095d00000| Untracked 
| 350|0x0000000095e00000, 0x0000000095e00000, 0x0000000095f00000|  0%| F|  |TAMS 0x0000000095e00000, 0x0000000095e00000| Untracked 
| 351|0x0000000095f00000, 0x0000000095f00000, 0x0000000096000000|  0%| F|  |TAMS 0x0000000095f00000, 0x0000000095f00000| Untracked 
| 352|0x0000000096000000, 0x0000000096000000, 0x0000000096100000|  0%| F|  |TAMS 0x0000000096000000, 0x0000000096000000| Untracked 
| 353|0x0000000096100000, 0x0000000096100000, 0x0000000096200000|  0%| F|  |TAMS 0x0000000096100000, 0x0000000096100000| Untracked 
| 354|0x0000000096200000, 0x0000000096200000, 0x0000000096300000|  0%| F|  |TAMS 0x0000000096200000, 0x0000000096200000| Untracked 
| 355|0x0000000096300000, 0x0000000096300000, 0x0000000096400000|  0%| F|  |TAMS 0x0000000096300000, 0x0000000096300000| Untracked 
| 356|0x0000000096400000, 0x0000000096400000, 0x0000000096500000|  0%| F|  |TAMS 0x0000000096400000, 0x0000000096400000| Untracked 
| 357|0x0000000096500000, 0x0000000096500000, 0x0000000096600000|  0%| F|  |TAMS 0x0000000096500000, 0x0000000096500000| Untracked 
| 358|0x0000000096600000, 0x0000000096600000, 0x0000000096700000|  0%| F|  |TAMS 0x0000000096600000, 0x0000000096600000| Untracked 
| 359|0x0000000096700000, 0x0000000096700000, 0x0000000096800000|  0%| F|  |TAMS 0x0000000096700000, 0x0000000096700000| Untracked 
| 360|0x0000000096800000, 0x0000000096800000, 0x0000000096900000|  0%| F|  |TAMS 0x0000000096800000, 0x0000000096800000| Untracked 
| 361|0x0000000096900000, 0x0000000096900000, 0x0000000096a00000|  0%| F|  |TAMS 0x0000000096900000, 0x0000000096900000| Untracked 
| 362|0x0000000096a00000, 0x0000000096a00000, 0x0000000096b00000|  0%| F|  |TAMS 0x0000000096a00000, 0x0000000096a00000| Untracked 
| 363|0x0000000096b00000, 0x0000000096b00000, 0x0000000096c00000|  0%| F|  |TAMS 0x0000000096b00000, 0x0000000096b00000| Untracked 
| 364|0x0000000096c00000, 0x0000000096c00000, 0x0000000096d00000|  0%| F|  |TAMS 0x0000000096c00000, 0x0000000096c00000| Untracked 
| 365|0x0000000096d00000, 0x0000000096d00000, 0x0000000096e00000|  0%| F|  |TAMS 0x0000000096d00000, 0x0000000096d00000| Untracked 
| 366|0x0000000096e00000, 0x0000000096e00000, 0x0000000096f00000|  0%| F|  |TAMS 0x0000000096e00000, 0x0000000096e00000| Untracked 
| 367|0x0000000096f00000, 0x0000000096f00000, 0x0000000097000000|  0%| F|  |TAMS 0x0000000096f00000, 0x0000000096f00000| Untracked 
| 368|0x0000000097000000, 0x0000000097000000, 0x0000000097100000|  0%| F|  |TAMS 0x0000000097000000, 0x0000000097000000| Untracked 
| 369|0x0000000097100000, 0x0000000097100000, 0x0000000097200000|  0%| F|  |TAMS 0x0000000097100000, 0x0000000097100000| Untracked 
| 370|0x0000000097200000, 0x0000000097200000, 0x0000000097300000|  0%| F|  |TAMS 0x0000000097200000, 0x0000000097200000| Untracked 
| 371|0x0000000097300000, 0x0000000097300000, 0x0000000097400000|  0%| F|  |TAMS 0x0000000097300000, 0x0000000097300000| Untracked 
| 372|0x0000000097400000, 0x0000000097400000, 0x0000000097500000|  0%| F|  |TAMS 0x0000000097400000, 0x0000000097400000| Untracked 
| 373|0x0000000097500000, 0x0000000097500000, 0x0000000097600000|  0%| F|  |TAMS 0x0000000097500000, 0x0000000097500000| Untracked 
| 374|0x0000000097600000, 0x0000000097600000, 0x0000000097700000|  0%| F|  |TAMS 0x0000000097600000, 0x0000000097600000| Untracked 
| 375|0x0000000097700000, 0x0000000097700000, 0x0000000097800000|  0%| F|  |TAMS 0x0000000097700000, 0x0000000097700000| Untracked 
| 376|0x0000000097800000, 0x0000000097800000, 0x0000000097900000|  0%| F|  |TAMS 0x0000000097800000, 0x0000000097800000| Untracked 
| 377|0x0000000097900000, 0x0000000097900000, 0x0000000097a00000|  0%| F|  |TAMS 0x0000000097900000, 0x0000000097900000| Untracked 
| 378|0x0000000097a00000, 0x0000000097a00000, 0x0000000097b00000|  0%| F|  |TAMS 0x0000000097a00000, 0x0000000097a00000| Untracked 
| 379|0x0000000097b00000, 0x0000000097b00000, 0x0000000097c00000|  0%| F|  |TAMS 0x0000000097b00000, 0x0000000097b00000| Untracked 
| 380|0x0000000097c00000, 0x0000000097c00000, 0x0000000097d00000|  0%| F|  |TAMS 0x0000000097c00000, 0x0000000097c00000| Untracked 
| 381|0x0000000097d00000, 0x0000000097d00000, 0x0000000097e00000|  0%| F|  |TAMS 0x0000000097d00000, 0x0000000097d00000| Untracked 
| 382|0x0000000097e00000, 0x0000000097e00000, 0x0000000097f00000|  0%| F|  |TAMS 0x0000000097e00000, 0x0000000097e00000| Untracked 
| 383|0x0000000097f00000, 0x0000000097f00000, 0x0000000098000000|  0%| F|  |TAMS 0x0000000097f00000, 0x0000000097f00000| Untracked 
| 384|0x0000000098000000, 0x0000000098000000, 0x0000000098100000|  0%| F|  |TAMS 0x0000000098000000, 0x0000000098000000| Untracked 
| 385|0x0000000098100000, 0x0000000098100000, 0x0000000098200000|  0%| F|  |TAMS 0x0000000098100000, 0x0000000098100000| Untracked 
| 386|0x0000000098200000, 0x0000000098200000, 0x0000000098300000|  0%| F|  |TAMS 0x0000000098200000, 0x0000000098200000| Untracked 
| 387|0x0000000098300000, 0x0000000098300000, 0x0000000098400000|  0%| F|  |TAMS 0x0000000098300000, 0x0000000098300000| Untracked 
| 388|0x0000000098400000, 0x0000000098400000, 0x0000000098500000|  0%| F|  |TAMS 0x0000000098400000, 0x0000000098400000| Untracked 
| 389|0x0000000098500000, 0x0000000098500000, 0x0000000098600000|  0%| F|  |TAMS 0x0000000098500000, 0x0000000098500000| Untracked 
| 390|0x0000000098600000, 0x0000000098600000, 0x0000000098700000|  0%| F|  |TAMS 0x0000000098600000, 0x0000000098600000| Untracked 
| 391|0x0000000098700000, 0x0000000098700000, 0x0000000098800000|  0%| F|  |TAMS 0x0000000098700000, 0x0000000098700000| Untracked 
| 392|0x0000000098800000, 0x0000000098800000, 0x0000000098900000|  0%| F|  |TAMS 0x0000000098800000, 0x0000000098800000| Untracked 
| 393|0x0000000098900000, 0x0000000098900000, 0x0000000098a00000|  0%| F|  |TAMS 0x0000000098900000, 0x0000000098900000| Untracked 

Card table byte_map: [0x0000019493470000,0x0000019493870000] _byte_map_base: 0x0000019493070000

Marking Bits (Prev, Next): (CMBitMap*) 0x00000194fb8f1888, (CMBitMap*) 0x00000194fb8f18c0
 Prev Bits: [0x0000019493c70000, 0x0000019495c70000)
 Next Bits: [0x0000019495c70000, 0x0000019497c70000)

Polling page: 0x0000019480000000

Metaspace:

Usage:
  Non-class:    117.39 MB capacity,   114.58 MB ( 98%) used,     2.36 MB (  2%) free+waste,   461.88 KB ( <1%) overhead. 
      Class:     17.77 MB capacity,    16.28 MB ( 92%) used,     1.29 MB (  7%) free+waste,   206.13 KB (  1%) overhead. 
       Both:    135.16 MB capacity,   130.87 MB ( 97%) used,     3.64 MB (  3%) free+waste,   668.00 KB ( <1%) overhead. 

Virtual space:
  Non-class space:      118.00 MB reserved,     117.50 MB (>99%) committed 
      Class space:        1.00 GB reserved,      17.88 MB (  2%) committed 
             Both:        1.12 GB reserved,     135.38 MB ( 12%) committed 

Chunk freelists:
   Non-Class:  49.00 KB
       Class:  0 bytes
        Both:  49.00 KB

MaxMetaspaceSize: 17179869184.00 GB
CompressedClassSpaceSize: 1.00 GB

CodeHeap 'non-profiled nmethods': size=120064Kb used=13364Kb max_used=13591Kb free=106699Kb
 bounds [0x000001948b4f0000, 0x000001948c260000, 0x0000019492a30000]
CodeHeap 'profiled nmethods': size=120000Kb used=51941Kb max_used=53644Kb free=68058Kb
 bounds [0x0000019483fc0000, 0x0000019487460000, 0x000001948b4f0000]
CodeHeap 'non-nmethods': size=5696Kb used=2363Kb max_used=2435Kb free=3332Kb
 bounds [0x0000019483a30000, 0x0000019483cb0000, 0x0000019483fc0000]
 total_blobs=22550 nmethods=21560 adapters=898
 compilation: enabled
              stopped_count=0, restarted_count=0
 full_count=0

Compilation events (20 events):
Event: 307.290 Thread 0x000001949a2e6000 24307       2       com.android.tools.r8.internal.a0::next (28 bytes)
Event: 307.290 Thread 0x000001949a2e6000 nmethod 24307 0x000001948432b690 code [0x000001948432b860, 0x000001948432bb48]
Event: 307.290 Thread 0x000001949a2e6000 24308       2       com.android.tools.r8.internal.Z::<init> (15 bytes)
Event: 307.290 Thread 0x000001949a2e6000 nmethod 24308 0x0000019484323790 code [0x0000019484323940, 0x0000019484323ad8]
Event: 307.290 Thread 0x000001949a2e6000 24309       2       com.android.tools.r8.internal.pf::a (11 bytes)
Event: 307.290 Thread 0x000001949a2e6000 nmethod 24309 0x0000019484334690 code [0x0000019484334840, 0x0000019484334968]
Event: 307.303 Thread 0x000001949a2e6000 24310 %     3       com.android.tools.r8.internal.ha::<init> @ 18 (46 bytes)
Event: 307.303 Thread 0x000001949a2e6000 nmethod 24310% 0x000001948444c390 code [0x000001948444c580, 0x000001948444c978]
Event: 307.312 Thread 0x000001949a2e6000 24311       3       java.util.IdentityHashMap::closeDeletion (107 bytes)
Event: 307.313 Thread 0x000001949a2e6000 nmethod 24311 0x0000019484581b10 code [0x0000019484581d40, 0x00000194845828e8]
Event: 307.328 Thread 0x000001949a2e6000 24313       1       com.android.tools.r8.internal.Fs::a2 (3 bytes)
Event: 307.328 Thread 0x000001949a2e6000 nmethod 24313 0x000001948b73cb90 code [0x000001948b73cd40, 0x000001948b73cdf8]
Event: 307.403 Thread 0x000001949a2e6000 24315       2       com.android.tools.r8.internal.Nv::d (46 bytes)
Event: 307.404 Thread 0x000001949a2e6000 nmethod 24315 0x0000019484342210 code [0x0000019484342400, 0x0000019484342688]
Event: 307.410 Thread 0x000001949a2e6000 24316 %     3       com.android.tools.r8.ir.regalloc.a::a @ 99 (270 bytes)
Event: 307.414 Thread 0x000001949a2e6000 nmethod 24316% 0x00000194847c6f10 code [0x00000194847c73e0, 0x00000194847ca1d8]
Event: 307.414 Thread 0x000001949a2e6000 24317 %     3       com.android.tools.r8.internal.F7::a @ 19 (679 bytes)
Event: 307.424 Thread 0x000001949a2e6000 nmethod 24317% 0x000001948744b110 code [0x000001948744bb60, 0x0000019487452c78]
Event: 307.425 Thread 0x000001949a2e6000 24318       2       com.android.tools.r8.internal.Qf::<init> (5 bytes)
Event: 307.425 Thread 0x000001949a2e6000 nmethod 24318 0x0000019484343b10 code [0x0000019484343cc0, 0x0000019484343db8]

GC Heap History (20 events):
Event: 298.504 GC heap after
{Heap after GC invocations=87 (full 0):
 garbage-first heap   total 273408K, used 179639K [0x0000000080000000, 0x0000000100000000)
  region size 1024K, 6 young (6144K), 6 survivors (6144K)
 Metaspace       used 129582K, capacity 133722K, committed 133888K, reserved 1165312K
  class space    used 16225K, capacity 17653K, committed 17664K, reserved 1048576K
}
Event: 299.139 GC heap before
{Heap before GC invocations=87 (full 0):
 garbage-first heap   total 273408K, used 217527K [0x0000000080000000, 0x0000000100000000)
  region size 1024K, 43 young (44032K), 6 survivors (6144K)
 Metaspace       used 130912K, capacity 135148K, committed 135424K, reserved 1167360K
  class space    used 16409K, capacity 17890K, committed 17920K, reserved 1048576K
}
Event: 299.164 GC heap after
{Heap after GC invocations=88 (full 0):
 garbage-first heap   total 273408K, used 184439K [0x0000000080000000, 0x0000000100000000)
  region size 1024K, 5 young (5120K), 5 survivors (5120K)
 Metaspace       used 130912K, capacity 135148K, committed 135424K, reserved 1167360K
  class space    used 16409K, capacity 17890K, committed 17920K, reserved 1048576K
}
Event: 299.929 GC heap before
{Heap before GC invocations=88 (full 0):
 garbage-first heap   total 273408K, used 222327K [0x0000000080000000, 0x0000000100000000)
  region size 1024K, 42 young (43008K), 5 survivors (5120K)
 Metaspace       used 132646K, capacity 136980K, committed 137216K, reserved 1169408K
  class space    used 16606K, capacity 18131K, committed 18176K, reserved 1048576K
}
Event: 299.956 GC heap after
{Heap after GC invocations=89 (full 0):
 garbage-first heap   total 403456K, used 186434K [0x0000000080000000, 0x0000000100000000)
  region size 1024K, 3 young (3072K), 3 survivors (3072K)
 Metaspace       used 132646K, capacity 136980K, committed 137216K, reserved 1169408K
  class space    used 16606K, capacity 18131K, committed 18176K, reserved 1048576K
}
Event: 301.271 GC heap before
{Heap before GC invocations=89 (full 0):
 garbage-first heap   total 403456K, used 269378K [0x0000000080000000, 0x0000000100000000)
  region size 1024K, 84 young (86016K), 3 survivors (3072K)
 Metaspace       used 133202K, capacity 137532K, committed 137728K, reserved 1169408K
  class space    used 16621K, capacity 18135K, committed 18176K, reserved 1048576K
}
Event: 301.288 GC heap after
{Heap after GC invocations=90 (full 0):
 garbage-first heap   total 403456K, used 188384K [0x0000000080000000, 0x0000000100000000)
  region size 1024K, 5 young (5120K), 5 survivors (5120K)
 Metaspace       used 133202K, capacity 137532K, committed 137728K, reserved 1169408K
  class space    used 16621K, capacity 18135K, committed 18176K, reserved 1048576K
}
Event: 302.532 GC heap before
{Heap before GC invocations=90 (full 0):
 garbage-first heap   total 403456K, used 317408K [0x0000000080000000, 0x0000000100000000)
  region size 1024K, 131 young (134144K), 5 survivors (5120K)
 Metaspace       used 133571K, capacity 137931K, committed 138112K, reserved 1169408K
  class space    used 16642K, capacity 18177K, committed 18304K, reserved 1048576K
}
Event: 302.548 GC heap after
{Heap after GC invocations=91 (full 0):
 garbage-first heap   total 403456K, used 190314K [0x0000000080000000, 0x0000000100000000)
  region size 1024K, 6 young (6144K), 6 survivors (6144K)
 Metaspace       used 133571K, capacity 137931K, committed 138112K, reserved 1169408K
  class space    used 16642K, capacity 18177K, committed 18304K, reserved 1048576K
}
Event: 303.429 GC heap before
{Heap before GC invocations=91 (full 0):
 garbage-first heap   total 403456K, used 323434K [0x0000000080000000, 0x0000000100000000)
  region size 1024K, 136 young (139264K), 6 survivors (6144K)
 Metaspace       used 133675K, capacity 138067K, committed 138368K, reserved 1169408K
  class space    used 16642K, capacity 18177K, committed 18304K, reserved 1048576K
}
Event: 303.447 GC heap after
{Heap after GC invocations=92 (full 0):
 garbage-first heap   total 403456K, used 191338K [0x0000000080000000, 0x0000000100000000)
  region size 1024K, 7 young (7168K), 7 survivors (7168K)
 Metaspace       used 133675K, capacity 138067K, committed 138368K, reserved 1169408K
  class space    used 16642K, capacity 18177K, committed 18304K, reserved 1048576K
}
Event: 304.338 GC heap before
{Heap before GC invocations=92 (full 0):
 garbage-first heap   total 403456K, used 330602K [0x0000000080000000, 0x0000000100000000)
  region size 1024K, 143 young (146432K), 7 survivors (7168K)
 Metaspace       used 133780K, capacity 138155K, committed 138368K, reserved 1169408K
  class space    used 16647K, capacity 18181K, committed 18304K, reserved 1048576K
}
Event: 304.363 GC heap after
{Heap after GC invocations=93 (full 0):
 garbage-first heap   total 403456K, used 194298K [0x0000000080000000, 0x0000000100000000)
  region size 1024K, 10 young (10240K), 10 survivors (10240K)
 Metaspace       used 133780K, capacity 138155K, committed 138368K, reserved 1169408K
  class space    used 16647K, capacity 18181K, committed 18304K, reserved 1048576K
}
Event: 305.178 GC heap before
{Heap before GC invocations=93 (full 0):
 garbage-first heap   total 403456K, used 334586K [0x0000000080000000, 0x0000000100000000)
  region size 1024K, 149 young (152576K), 10 survivors (10240K)
 Metaspace       used 133870K, capacity 138235K, committed 138368K, reserved 1169408K
  class space    used 16655K, capacity 18185K, committed 18304K, reserved 1048576K
}
Event: 305.203 GC heap after
{Heap after GC invocations=94 (full 0):
 garbage-first heap   total 403456K, used 197894K [0x0000000080000000, 0x0000000100000000)
  region size 1024K, 14 young (14336K), 14 survivors (14336K)
 Metaspace       used 133870K, capacity 138235K, committed 138368K, reserved 1169408K
  class space    used 16655K, capacity 18185K, committed 18304K, reserved 1048576K
}
Event: 306.003 GC heap before
{Heap before GC invocations=94 (full 0):
 garbage-first heap   total 403456K, used 336134K [0x0000000080000000, 0x0000000100000000)
  region size 1024K, 150 young (153600K), 14 survivors (14336K)
 Metaspace       used 133910K, capacity 138312K, committed 138624K, reserved 1169408K
  class space    used 16658K, capacity 18189K, committed 18304K, reserved 1048576K
}
Event: 306.061 GC heap after
{Heap after GC invocations=95 (full 0):
 garbage-first heap   total 403456K, used 209868K [0x0000000080000000, 0x0000000100000000)
  region size 1024K, 19 young (19456K), 19 survivors (19456K)
 Metaspace       used 133910K, capacity 138312K, committed 138624K, reserved 1169408K
  class space    used 16658K, capacity 18189K, committed 18304K, reserved 1048576K
}
Event: 306.740 GC heap before
{Heap before GC invocations=95 (full 0):
 garbage-first heap   total 403456K, used 333772K [0x0000000080000000, 0x0000000100000000)
  region size 1024K, 140 young (143360K), 19 survivors (19456K)
 Metaspace       used 133952K, capacity 138335K, committed 138624K, reserved 1169408K
  class space    used 16664K, capacity 18196K, committed 18304K, reserved 1048576K
}
Event: 306.790 GC heap after
{Heap after GC invocations=96 (full 0):
 garbage-first heap   total 403456K, used 216944K [0x0000000080000000, 0x0000000100000000)
  region size 1024K, 9 young (9216K), 9 survivors (9216K)
 Metaspace       used 133952K, capacity 138335K, committed 138624K, reserved 1169408K
  class space    used 16664K, capacity 18196K, committed 18304K, reserved 1048576K
}
Event: 307.430 GC heap before
{Heap before GC invocations=96 (full 0):
 garbage-first heap   total 403456K, used 334704K [0x0000000080000000, 0x0000000100000000)
  region size 1024K, 124 young (126976K), 9 survivors (9216K)
 Metaspace       used 134007K, capacity 138405K, committed 138624K, reserved 1169408K
  class space    used 16674K, capacity 18198K, committed 18304K, reserved 1048576K
}

Deoptimization events (20 events):
Event: 306.981 Thread 0x000001949af89800 DEOPT PACKING pc=0x00000194873331c1 sp=0x0000004c353f96e0
Event: 306.981 Thread 0x000001949af89800 DEOPT UNPACKING pc=0x0000019483a576ce sp=0x0000004c353f8cc8 mode 0
Event: 307.053 Thread 0x000001949af89800 DEOPT PACKING pc=0x00000194871d96ed sp=0x0000004c353f8fe0
Event: 307.053 Thread 0x000001949af89800 DEOPT UNPACKING pc=0x0000019483a576ce sp=0x0000004c353f8520 mode 0
Event: 307.088 Thread 0x000001949af8f000 DEOPT PACKING pc=0x00000194844207a2 sp=0x0000004c354f91e0
Event: 307.088 Thread 0x000001949af8f000 DEOPT UNPACKING pc=0x0000019483a576ce sp=0x0000004c354f8768 mode 0
Event: 307.181 Thread 0x000001949af8f000 DEOPT PACKING pc=0x0000019484b0735b sp=0x0000004c354f91f0
Event: 307.181 Thread 0x000001949af8f000 DEOPT UNPACKING pc=0x0000019483a576ce sp=0x0000004c354f8680 mode 0
Event: 307.234 Thread 0x000001949af8f000 DEOPT PACKING pc=0x0000019486bc015b sp=0x0000004c354f93c0
Event: 307.234 Thread 0x000001949af8f000 DEOPT UNPACKING pc=0x0000019483a576ce sp=0x0000004c354f8870 mode 0
Event: 307.252 Thread 0x000001949af8f000 DEOPT PACKING pc=0x0000019486b29469 sp=0x0000004c354f8aa0
Event: 307.252 Thread 0x000001949af8f000 DEOPT UNPACKING pc=0x0000019483a576ce sp=0x0000004c354f7f50 mode 0
Event: 307.262 Thread 0x000001949af8f000 DEOPT PACKING pc=0x0000019486b516aa sp=0x0000004c354f8a50
Event: 307.262 Thread 0x000001949af8f000 DEOPT UNPACKING pc=0x0000019483a576ce sp=0x0000004c354f7ee8 mode 0
Event: 307.280 Thread 0x000001949af83000 DEOPT PACKING pc=0x0000019485355f79 sp=0x0000004c351f9bc0
Event: 307.280 Thread 0x000001949af83000 DEOPT UNPACKING pc=0x0000019483a576ce sp=0x0000004c351f9078 mode 0
Event: 307.345 Thread 0x000001949af83000 Uncommon trap: trap_request=0xffffffc6 fr.pc=0x000001948c1b3dbc relative=0x00000000000001bc
Event: 307.345 Thread 0x000001949af83000 Uncommon trap: reason=bimorphic_or_optimized_type_check action=maybe_recompile pc=0x000001948c1b3dbc method=com.android.tools.r8.ir.regalloc.b.E()I @ 4 c2
Event: 307.345 Thread 0x000001949af83000 DEOPT PACKING pc=0x000001948c1b3dbc sp=0x0000004c351f8e10
Event: 307.345 Thread 0x000001949af83000 DEOPT UNPACKING pc=0x0000019483a578af sp=0x0000004c351f8da0 mode 2

Classes redefined (0 events):
No events

Internal exceptions (20 events):
Event: 299.079 Thread 0x000001949af83000 Exception <a 'java/lang/NoSuchMethodError'{0x000000008e87f850}: 'void java.lang.invoke.DirectMethodHandle$Holder.invokeSpecial(java.lang.Object, java.lang.Object, int, java.lang.Object, java.lang.Object, java.lang.Object, java.lang.Object)'> (0x000000008e87f850) thrown at [./src/hotspot/share/interpreter/linkResolver.cpp, line 773]
Event: 299.080 Thread 0x000001949af83000 Exception <a 'java/lang/NoSuchMethodError'{0x000000008e88b5a0}: 'java.lang.Object java.lang.invoke.Invokers$Holder.linkToTargetMethod(java.lang.Object, int, java.lang.Object, java.lang.Object, java.lang.Object, java.lang.Object)'> (0x000000008e88b5a0) thrown at [./src/hotspot/share/interpreter/linkResolver.cpp, line 773]
Event: 299.081 Thread 0x000001949af83000 Exception <a 'java/lang/NoSuchMethodError'{0x000000008e88fa50}: 'void java.lang.invoke.DirectMethodHandle$Holder.invokeSpecial(java.lang.Object, java.lang.Object, java.lang.Object, java.lang.Object, java.lang.Object, java.lang.Object, java.lang.Object, java.lang.Object, java.lang.Object)'> (0x000000008e88fa50) thrown at [./src/hotspot/share/interpreter/linkResolver.cpp, line 773]
Event: 299.090 Thread 0x000001949af83000 Exception <a 'java/lang/NoSuchMethodError'{0x000000008e8eef48}: 'void java.lang.invoke.DirectMethodHandle$Holder.invokeStatic(java.lang.Object, java.lang.Object, java.lang.Object, java.lang.Object, java.lang.Object, java.lang.Object, java.lang.Object, java.lang.Object)'> (0x000000008e8eef48) thrown at [./src/hotspot/share/interpreter/linkResolver.cpp, line 773]
Event: 299.314 Thread 0x000001949af83000 Exception <a 'java/lang/IncompatibleClassChangeError'{0x000000009039bd60}: Found class java.lang.Object, but interface was expected> (0x000000009039bd60) thrown at [./src/hotspot/share/interpreter/linkResolver.cpp, line 839]
Event: 299.537 Thread 0x000001949af83000 Exception <a 'java/lang/NoSuchMethodError'{0x000000008f9b95a0}: 'void java.lang.invoke.DirectMethodHandle$Holder.invokeVirtual(java.lang.Object, java.lang.Object, int)'> (0x000000008f9b95a0) thrown at [./src/hotspot/share/interpreter/linkResolver.cpp, line 773]
Event: 299.644 Thread 0x000001949af83000 Exception <a 'sun/nio/fs/WindowsException'{0x000000008f526350}> (0x000000008f526350) thrown at [./src/hotspot/share/prims/jni.cpp, line 615]
Event: 299.917 Thread 0x000001949af8f000 Exception <a 'java/lang/NoSuchMethodError'{0x000000008e648150}: 'int java.lang.invoke.DirectMethodHandle$Holder.invokeInterface(java.lang.Object, java.lang.Object, int)'> (0x000000008e648150) thrown at [./src/hotspot/share/interpreter/linkResolver.cpp, line 773]
Event: 300.799 Thread 0x000001949af83000 Exception <a 'sun/nio/fs/WindowsException'{0x0000000095ad3c08}> (0x0000000095ad3c08) thrown at [./src/hotspot/share/prims/jni.cpp, line 615]
Event: 301.020 Thread 0x000001949af83000 Exception <a 'sun/nio/fs/WindowsException'{0x0000000094bc7110}> (0x0000000094bc7110) thrown at [./src/hotspot/share/prims/jni.cpp, line 615]
Event: 301.909 Thread 0x000001949af83000 Exception <a 'sun/nio/fs/WindowsException'{0x0000000094edd450}> (0x0000000094edd450) thrown at [./src/hotspot/share/prims/jni.cpp, line 615]
Event: 302.427 Thread 0x000001949af83000 Exception <a 'sun/nio/fs/WindowsException'{0x00000000912055b0}> (0x00000000912055b0) thrown at [./src/hotspot/share/prims/jni.cpp, line 615]
Event: 302.827 Thread 0x000001949af89800 Implicit null exception at 0x000001948c1f4f0c to 0x000001948c1f505c
Event: 303.047 Thread 0x000001949af83000 Exception <a 'sun/nio/fs/WindowsException'{0x000000009495fe00}> (0x000000009495fe00) thrown at [./src/hotspot/share/prims/jni.cpp, line 615]
Event: 303.180 Thread 0x000001949af83000 Exception <a 'sun/nio/fs/WindowsException'{0x0000000093ad5cb8}> (0x0000000093ad5cb8) thrown at [./src/hotspot/share/prims/jni.cpp, line 615]
Event: 303.505 Thread 0x000001949af83000 Exception <a 'sun/nio/fs/WindowsException'{0x0000000097cf4e78}> (0x0000000097cf4e78) thrown at [./src/hotspot/share/prims/jni.cpp, line 615]
Event: 303.949 Thread 0x000001949af83000 Exception <a 'sun/nio/fs/WindowsException'{0x0000000094335438}> (0x0000000094335438) thrown at [./src/hotspot/share/prims/jni.cpp, line 615]
Event: 304.303 Thread 0x000001949af83000 Exception <a 'sun/nio/fs/WindowsException'{0x00000000908f71c0}> (0x00000000908f71c0) thrown at [./src/hotspot/share/prims/jni.cpp, line 615]
Event: 304.659 Thread 0x000001949af83000 Exception <a 'sun/nio/fs/WindowsException'{0x0000000095ae9c40}> (0x0000000095ae9c40) thrown at [./src/hotspot/share/prims/jni.cpp, line 615]
Event: 305.342 Thread 0x000001949af83000 Exception <a 'sun/nio/fs/WindowsException'{0x00000000970c8770}> (0x00000000970c8770) thrown at [./src/hotspot/share/prims/jni.cpp, line 615]

Events (20 events):
Event: 306.936 loading class com/android/tools/r8/code/z3 done
Event: 306.937 loading class com/android/tools/r8/code/y3
Event: 306.937 loading class com/android/tools/r8/code/y3 done
Event: 306.937 loading class com/android/tools/r8/code/A3
Event: 306.937 loading class com/android/tools/r8/code/A3 done
Event: 306.937 loading class com/android/tools/r8/code/x3
Event: 306.937 loading class com/android/tools/r8/code/x3 done
Event: 306.938 loading class com/android/tools/r8/code/K2
Event: 306.938 loading class com/android/tools/r8/code/K2 done
Event: 306.939 loading class com/android/tools/r8/code/J2
Event: 306.939 loading class com/android/tools/r8/code/J2 done
Event: 306.943 loading class com/android/tools/r8/internal/ut
Event: 306.943 loading class com/android/tools/r8/internal/ut done
Event: 307.330 loading class com/android/tools/r8/internal/tA
Event: 307.330 loading class com/android/tools/r8/internal/tA done
Event: 307.332 loading class com/android/tools/r8/internal/QG
Event: 307.332 loading class com/android/tools/r8/internal/QG done
Event: 307.332 loading class com/android/tools/r8/internal/tA
Event: 307.332 loading class com/android/tools/r8/internal/tA done
Event: 307.429 Executing VM operation: G1CollectForAllocation


Dynamic libraries:
0x00007ff6301c0000 - 0x00007ff6301ca000 	C:\Program Files\Android\Android Studio\jre\bin\java.exe
0x00007ffa1d610000 - 0x00007ffa1d805000 	C:\WINDOWS\SYSTEM32\ntdll.dll
0x00007ffa1b660000 - 0x00007ffa1b71e000 	C:\WINDOWS\System32\KERNEL32.DLL
0x00007ffa1aff0000 - 0x00007ffa1b2b8000 	C:\WINDOWS\System32\KERNELBASE.dll
0x00007ffa1ad30000 - 0x00007ffa1ae30000 	C:\WINDOWS\System32\ucrtbase.dll
0x00007ffa100f0000 - 0x00007ffa10109000 	C:\Program Files\Android\Android Studio\jre\bin\jli.dll
0x00007ffa0eb70000 - 0x00007ffa0eb87000 	C:\Program Files\Android\Android Studio\jre\bin\VCRUNTIME140.dll
0x00007ffa1bb10000 - 0x00007ffa1bcb1000 	C:\WINDOWS\System32\USER32.dll
0x00007ffa1af10000 - 0x00007ffa1af32000 	C:\WINDOWS\System32\win32u.dll
0x00007ffa04360000 - 0x00007ffa045fa000 	C:\WINDOWS\WinSxS\amd64_microsoft.windows.common-controls_6595b64144ccf1df_6.0.19041.1110_none_60b5254171f9507e\COMCTL32.dll
0x00007ffa1cff0000 - 0x00007ffa1d01b000 	C:\WINDOWS\System32\GDI32.dll
0x00007ffa1cf20000 - 0x00007ffa1cfbe000 	C:\WINDOWS\System32\msvcrt.dll
0x00007ffa1b3f0000 - 0x00007ffa1b4fb000 	C:\WINDOWS\System32\gdi32full.dll
0x00007ffa1b2c0000 - 0x00007ffa1b35d000 	C:\WINDOWS\System32\msvcp_win.dll
0x00007ffa1cfc0000 - 0x00007ffa1cff0000 	C:\WINDOWS\System32\IMM32.DLL
0x00007ffa04960000 - 0x00007ffa049fd000 	C:\Program Files\Android\Android Studio\jre\bin\msvcp140.dll
0x00007ff9bb9f0000 - 0x00007ff9bc4bf000 	C:\Program Files\Android\Android Studio\jre\bin\server\jvm.dll
0x00007ffa1c130000 - 0x00007ffa1c1dc000 	C:\WINDOWS\System32\ADVAPI32.dll
0x00007ffa1c090000 - 0x00007ffa1c12b000 	C:\WINDOWS\System32\sechost.dll
0x00007ffa1cb50000 - 0x00007ffa1cc7a000 	C:\WINDOWS\System32\RPCRT4.dll
0x00007ffa1c400000 - 0x00007ffa1c408000 	C:\WINDOWS\System32\PSAPI.DLL
0x00007ffa13120000 - 0x00007ffa13147000 	C:\WINDOWS\SYSTEM32\WINMM.dll
0x00007ffa0f5d0000 - 0x00007ffa0f5da000 	C:\WINDOWS\SYSTEM32\VERSION.dll
0x00007ffa098e0000 - 0x00007ffa098e9000 	C:\WINDOWS\SYSTEM32\WSOCK32.dll
0x00007ffa1cd60000 - 0x00007ffa1cdcb000 	C:\WINDOWS\System32\WS2_32.dll
0x00007ffa195a0000 - 0x00007ffa195b2000 	C:\WINDOWS\SYSTEM32\kernel.appcore.dll
0x00007ffa08080000 - 0x00007ffa08091000 	C:\Program Files\Android\Android Studio\jre\bin\verify.dll
0x00007ffa0f950000 - 0x00007ffa0fb34000 	C:\WINDOWS\SYSTEM32\DBGHELP.DLL
0x00007ffa0f920000 - 0x00007ffa0f94c000 	C:\WINDOWS\SYSTEM32\dbgcore.DLL
0x00007ffa1b360000 - 0x00007ffa1b3e3000 	C:\WINDOWS\System32\bcryptPrimitives.dll
0x00007ffa07400000 - 0x00007ffa07429000 	C:\Program Files\Android\Android Studio\jre\bin\java.dll
0x00007ffa11cd0000 - 0x00007ffa11cdb000 	C:\Program Files\Android\Android Studio\jre\bin\jimage.dll
0x00007ffa07940000 - 0x00007ffa07958000 	C:\Program Files\Android\Android Studio\jre\bin\zip.dll
0x00007ffa1c410000 - 0x00007ffa1cb4f000 	C:\WINDOWS\System32\SHELL32.dll
0x00007ffa18e10000 - 0x00007ffa195a0000 	C:\WINDOWS\SYSTEM32\windows.storage.dll
0x00007ffa1bd30000 - 0x00007ffa1c085000 	C:\WINDOWS\System32\combase.dll
0x00007ffa1a780000 - 0x00007ffa1a7ae000 	C:\WINDOWS\SYSTEM32\Wldp.dll
0x00007ffa1ce50000 - 0x00007ffa1cefd000 	C:\WINDOWS\System32\SHCORE.dll
0x00007ffa1b730000 - 0x00007ffa1b785000 	C:\WINDOWS\System32\shlwapi.dll
0x00007ffa1ac70000 - 0x00007ffa1ac8f000 	C:\WINDOWS\SYSTEM32\profapi.dll
0x00007ffa04b00000 - 0x00007ffa04b1a000 	C:\Program Files\Android\Android Studio\jre\bin\net.dll
0x00007ffa12670000 - 0x00007ffa1277c000 	C:\WINDOWS\SYSTEM32\WINHTTP.dll
0x00007ffa1a4e0000 - 0x00007ffa1a54a000 	C:\WINDOWS\system32\mswsock.dll
0x00007ffa04940000 - 0x00007ffa04954000 	C:\Program Files\Android\Android Studio\jre\bin\nio.dll
0x00007ffa079b0000 - 0x00007ffa079d7000 	C:\Users\Carolina\.gradle\native\8bec1ad78214c89d9ad589b4d07fe93259594b29d510b10fafb7a158f7737e5d\windows-amd64\native-platform.dll
0x00007ff9fd330000 - 0x00007ff9fd46d000 	C:\Users\Carolina\.gradle\native\53dbd7edfb1c66fb8903c78663c9afc45aea4f116125fa6feffd364cf09443e8\windows-amd64\native-platform-file-events.dll
0x00007ffa0ebd0000 - 0x00007ffa0ebda000 	C:\Program Files\Android\Android Studio\jre\bin\management.dll
0x00007ffa0e7d0000 - 0x00007ffa0e7dc000 	C:\Program Files\Android\Android Studio\jre\bin\management_ext.dll
0x00007ffa1a6d0000 - 0x00007ffa1a6e8000 	C:\WINDOWS\SYSTEM32\CRYPTSP.dll
0x00007ffa19df0000 - 0x00007ffa19e24000 	C:\WINDOWS\system32\rsaenh.dll
0x00007ffa1aee0000 - 0x00007ffa1af07000 	C:\WINDOWS\System32\bcrypt.dll
0x00007ffa1ac30000 - 0x00007ffa1ac5e000 	C:\WINDOWS\SYSTEM32\USERENV.dll
0x00007ffa1a6f0000 - 0x00007ffa1a6fc000 	C:\WINDOWS\SYSTEM32\CRYPTBASE.dll
0x00007ffa1a180000 - 0x00007ffa1a1bb000 	C:\WINDOWS\SYSTEM32\IPHLPAPI.DLL
0x00007ffa1bcc0000 - 0x00007ffa1bcc8000 	C:\WINDOWS\System32\NSI.dll
0x00007ffa12f90000 - 0x00007ffa12fa7000 	C:\WINDOWS\SYSTEM32\dhcpcsvc6.DLL
0x00007ffa12f70000 - 0x00007ffa12f8d000 	C:\WINDOWS\SYSTEM32\dhcpcsvc.DLL
0x00007ffa1a1c0000 - 0x00007ffa1a28b000 	C:\WINDOWS\SYSTEM32\DNSAPI.dll
0x00007ffa17b90000 - 0x00007ffa17c20000 	C:\WINDOWS\system32\apphelp.dll

dbghelp: loaded successfully - version: 4.0.5 - missing functions: none
symbol engine: initialized successfully - sym options: 0x614 - pdb path: .;C:\Program Files\Android\Android Studio\jre\bin;C:\WINDOWS\SYSTEM32;C:\WINDOWS\WinSxS\amd64_microsoft.windows.common-controls_6595b64144ccf1df_6.0.19041.1110_none_60b5254171f9507e;C:\Program Files\Android\Android Studio\jre\bin\server;C:\Users\Carolina\.gradle\native\8bec1ad78214c89d9ad589b4d07fe93259594b29d510b10fafb7a158f7737e5d\windows-amd64;C:\Users\Carolina\.gradle\native\53dbd7edfb1c66fb8903c78663c9afc45aea4f116125fa6feffd364cf09443e8\windows-amd64

VM Arguments:
jvm_args: --add-opens=java.base/java.util=ALL-UNNAMED --add-opens=java.base/java.lang=ALL-UNNAMED --add-opens=java.base/java.lang.invoke=ALL-UNNAMED --add-opens=java.base/java.util=ALL-UNNAMED --add-opens=java.prefs/java.util.prefs=ALL-UNNAMED --add-opens=java.prefs/java.util.prefs=ALL-UNNAMED --add-opens=java.base/java.nio.charset=ALL-UNNAMED --add-opens=java.base/java.net=ALL-UNNAMED --add-opens=java.base/java.util.concurrent.atomic=ALL-UNNAMED -Xmx2048m -Dfile.encoding=UTF-8 -Duser.country=CO -Duser.language=es -Duser.variant 
java_command: org.gradle.launcher.daemon.bootstrap.GradleDaemon 7.0.2
java_class_path (initial): C:\Users\Carolina\.gradle\wrapper\dists\gradle-7.0.2-bin\857tjihv64xamwrf0h14cai3r\gradle-7.0.2\lib\gradle-launcher-7.0.2.jar
Launcher Type: SUN_STANDARD

[Global flags]
     intx CICompilerCount                          = 3                                         {product} {ergonomic}
     uint ConcGCThreads                            = 1                                         {product} {ergonomic}
     uint G1ConcRefinementThreads                  = 4                                         {product} {ergonomic}
   size_t G1HeapRegionSize                         = 1048576                                   {product} {ergonomic}
    uintx GCDrainStackTargetSize                   = 64                                        {product} {ergonomic}
   size_t InitialHeapSize                          = 134217728                                 {product} {ergonomic}
   size_t MarkStackSize                            = 4194304                                   {product} {ergonomic}
   size_t MaxHeapSize                              = 2147483648                                {product} {command line}
   size_t MaxNewSize                               = 1287651328                                {product} {ergonomic}
   size_t MinHeapDeltaBytes                        = 1048576                                   {product} {ergonomic}
    uintx NonNMethodCodeHeapSize                   = 5830732                                {pd product} {ergonomic}
    uintx NonProfiledCodeHeapSize                  = 122913754                              {pd product} {ergonomic}
    uintx ProfiledCodeHeapSize                     = 122913754                              {pd product} {ergonomic}
    uintx ReservedCodeCacheSize                    = 251658240                              {pd product} {ergonomic}
     bool SegmentedCodeCache                       = true                                      {product} {ergonomic}
     bool UseCompressedClassPointers               = true                                 {lp64_product} {ergonomic}
     bool UseCompressedOops                        = true                                 {lp64_product} {ergonomic}
     bool UseG1GC                                  = true                                      {product} {ergonomic}
     bool UseLargePagesIndividualAllocation        = false                                  {pd product} {ergonomic}

Logging:
Log output configuration:
 #0: stdout all=warning uptime,level,tags
 #1: stderr all=off uptime,level,tags

Environment Variables:
JAVA_HOME=C:\Program Files\Java\jdk1.8.0_211
CLASSPATH=.;
PATH=C:\WINDOWS.X64_193000_db_home\bin;C:\oraclexe\app\oracle\product\11.2.0\server\bin;C:\Program Files (x86)\Common Files\Oracle\Java\javapath;C:\Program Files\Java\jdk1.8.0_60\;C:\ProgramData\Oracle\Java\javapath;C:\Program Files (x86)\Intel\iCLS Client\;C:\Program Files\Intel\iCLS Client\;C:\WINDOWS\system32;C:\WINDOWS;C:\WINDOWS\System32\Wbem;C:\WINDOWS\System32\WindowsPowerShell\v1.0\;C:\Program Files\Intel\Intel(R) Management Engine Components\DAL;C:\Program Files\Intel\Intel(R) Management Engine Components\IPT;C:\Program Files (x86)\Intel\Intel(R) Management Engine Components\DAL;C:\Program Files (x86)\Intel\Intel(R) Management Engine Components\IPT;C:\Program Files (x86)\Intel\OpenCL SDK\3.0\bin\x86;C:\Program Files (x86)\Intel\OpenCL SDK\3.0\bin\x64;C:\Program Files\Lenovo\Fingerprint Manager Pro\;C:\ProgramData\Lenovo\ReadyApps;c:\Program Files (x86)\Microsoft SQL Server\100\Tools\Binn\;c:\Program Files\Microsoft SQL Server\100\Tools\Binn\;c:\Program Files\Microsoft SQL Server\100\DTS\Binn\;C:\Program Files (x86)\Skype\Phone\;C:\Program Files (x86)\Windows Live\Shared;C:\WINDOWS\system32;C:\WINDOWS;C:\Program Files\Java\jdk1.8.0_162\;C:\WINDOWS\System32\OpenSSH\;C:\MinGW\bin;C:\Program Files\Intel\WiFi\bin\;C:\Program Files\Common Files\Intel\WirelessCommon\;C:\Program Files\nodejs\;C:\ProgramData\chocolatey\bin;C:\Program Files\Microsoft VS Code\bin;C:\Program Files\Docker\Docker\resources\bin;C:\ProgramData\DockerDesktop\version-bin;C:\Program Files\AdoptOpenJDK\jdk8u192-b12\bin;C:\Program Files\Java\jdk1.8.0_211\bin;C:\Android\android-sdk\tools;C:\Android\android-sdk\platform-tools;C:\Android\android-sdk\tools\bin;C:\spark\spark-3.0.1-bin-hadoop2.7\bin;C:\Program Files\dotnet\;C:\Program Files\Microsoft SQL Server\130\Tools\Binn\;C:\Program Files\Microsoft SQL Server\Client SDK\ODBC\170\Tools\Binn\;C:\Program Files\Git\cmd;C:\WINDOWS\system32\config\systemprofile\.dnx\bin;C:\Program Files\Microsoft DNX\Dnvm\;C:\Program Files\MySQL\MySQL Shell 8.0\bin\;C:\
USERNAME=Carolina
OS=Windows_NT
PROCESSOR_IDENTIFIER=Intel64 Family 6 Model 69 Stepping 1, GenuineIntel



---------------  S Y S T E M  ---------------

OS: Windows 10 , 64 bit Build 19041 (10.0.19041.1348)
OS uptime: 4 days 13:00 hours

CPU:total 4 (initial active 4) (2 cores per cpu, 2 threads per core) family 6 model 69 stepping 1 microcode 0x25, cmov, cx8, fxsr, mmx, sse, sse2, sse3, ssse3, sse4.1, sse4.2, popcnt, avx, avx2, aes, clmul, erms, lzcnt, ht, tsc, tscinvbit, bmi1, bmi2, fma

Memory: 4k page, system-wide physical 8087M (733M free)
TotalPageFile size 12183M (AvailPageFile size 92M)
current process WorkingSet (physical memory assigned to process): 809M, peak: 812M
current process commit charge ("private bytes"): 855M, peak: 947M

vm_info: OpenJDK 64-Bit Server VM (11.0.10+0-b96-7249189) for windows-amd64 JRE (11.0.10+0-b96-7249189), built on Mar 31 2021 21:44:00 by "builder" with MS VC++ 14.0 (VS2015)

END.
